2015-04-08 12:48:59.024+0000 INFO  [API] Setting startup timeout to: 120000ms based on 120000
2015-04-08 12:49:06.445+0000 INFO  [API] Successfully started database
2015-04-08 12:49:06.645+0000 INFO  [API] Starting HTTP on port :7474 with 4 threads available
2015-04-08 12:49:06.883+0000 INFO  [API] Enabling HTTPS on port :7473
2015-04-08 12:49:06.884+0000 INFO  [API] No SSL certificate found, generating a self-signed certificate..
14:49:07.526 [main] INFO  org.eclipse.jetty.util.log - Logging initialized @9644ms
2015-04-08 12:49:07.592+0000 INFO  [API] Mounting static content at [/webadmin] from [webadmin-html]
2015-04-08 12:49:07.649+0000 INFO  [API] Mounting static content at [/browser] from [browser]
14:49:07.652 [main] INFO  org.eclipse.jetty.server.Server - jetty-9.2.4.v20141103
14:49:07.688 [main] INFO  o.e.j.server.handler.ContextHandler - Started o.e.j.s.h.MovedContextHandler@553aaa73{/,null,AVAILABLE}
14:49:07.880 [main] INFO  o.e.j.w.StandardDescriptorProcessor - NO JSP Support for /webadmin, did not find org.apache.jasper.servlet.JspServlet
14:49:07.900 [main] INFO  o.e.j.server.handler.ContextHandler - Started o.e.j.w.WebAppContext@2c780cec{/webadmin,jar:file:/home/tihomir/IntellijProjects/StackExchangeAnalysis/neo4j-community-2.2.0/system/lib/neo4j-server-2.2.0-static-web.jar!/webadmin-html,AVAILABLE}
14:49:08.599 [main] INFO  o.e.j.server.handler.ContextHandler - Started o.e.j.s.ServletContextHandler@9c77b26{/db/manage,null,AVAILABLE}
14:49:08.994 [main] INFO  o.e.j.server.handler.ContextHandler - Started o.e.j.s.ServletContextHandler@6ed40d52{/db/data,null,AVAILABLE}
14:49:09.023 [main] INFO  o.e.j.w.StandardDescriptorProcessor - NO JSP Support for /browser, did not find org.apache.jasper.servlet.JspServlet
14:49:09.024 [main] INFO  o.e.j.server.handler.ContextHandler - Started o.e.j.w.WebAppContext@13f9c65b{/browser,jar:file:/home/tihomir/IntellijProjects/StackExchangeAnalysis/neo4j-community-2.2.0/system/lib/neo4j-browser-2.2.0.jar!/browser,AVAILABLE}
14:49:09.189 [main] INFO  o.e.j.server.handler.ContextHandler - Started o.e.j.s.ServletContextHandler@703b00d9{/,null,AVAILABLE}
14:49:09.242 [main] INFO  o.e.jetty.server.ServerConnector - Started ServerConnector@1fcd0858{HTTP/1.1}{localhost:7474}
14:49:10.024 [main] INFO  o.e.jetty.server.ServerConnector - Started ServerConnector@b0b2fcc{SSL-HTTP/1.1}{localhost:7473}
14:49:10.024 [main] INFO  org.eclipse.jetty.server.Server - Started @12151ms
2015-04-08 12:49:10.025+0000 INFO  [API] Server started on: http://localhost:7474/
2015-04-08 12:49:10.025+0000 INFO  [API] Remote interface ready and available at [http://localhost:7474/]
2015-04-08 12:49:17.160+0000 INFO  [API] Failed authentication attempt for 'neo4j' from 127.0.0.1
2015-04-08 12:49:17.162+0000 INFO  [API] Failed authentication attempt for 'neo4j' from 127.0.0.1
2015-04-08 12:49:17.166+0000 INFO  [API] Failed authentication attempt for 'neo4j' from 127.0.0.1
2015-04-08 12:51:27.166+0000 INFO  [API] Neo4j Server shutdown initiated by request
14:51:27.265 [Thread-13] INFO  o.e.jetty.server.ServerConnector - Stopped ServerConnector@1fcd0858{HTTP/1.1}{localhost:7474}
14:51:27.266 [Thread-13] INFO  o.e.jetty.server.ServerConnector - Stopped ServerConnector@b0b2fcc{SSL-HTTP/1.1}{localhost:7473}
14:51:27.269 [Thread-13] INFO  o.e.j.server.handler.ContextHandler - Stopped o.e.j.s.ServletContextHandler@703b00d9{/,null,UNAVAILABLE}
14:51:27.271 [Thread-13] INFO  o.e.j.server.handler.ContextHandler - Stopped o.e.j.w.WebAppContext@13f9c65b{/browser,jar:file:/home/tihomir/IntellijProjects/StackExchangeAnalysis/neo4j-community-2.2.0/system/lib/neo4j-browser-2.2.0.jar!/browser,UNAVAILABLE}
14:51:27.302 [Thread-13] INFO  o.e.j.server.handler.ContextHandler - Stopped o.e.j.s.ServletContextHandler@6ed40d52{/db/data,null,UNAVAILABLE}
14:51:27.302 [Thread-13] INFO  o.e.j.server.handler.ContextHandler - Stopped o.e.j.s.ServletContextHandler@9c77b26{/db/manage,null,UNAVAILABLE}
14:51:27.304 [Thread-13] INFO  o.e.j.server.handler.ContextHandler - Stopped o.e.j.w.WebAppContext@2c780cec{/webadmin,jar:file:/home/tihomir/IntellijProjects/StackExchangeAnalysis/neo4j-community-2.2.0/system/lib/neo4j-server-2.2.0-static-web.jar!/webadmin-html,UNAVAILABLE}
14:51:27.304 [Thread-13] INFO  o.e.j.server.handler.ContextHandler - Stopped o.e.j.s.h.MovedContextHandler@553aaa73{/,null,UNAVAILABLE}
2015-04-08 12:51:27.355+0000 INFO  [API] Successfully shutdown Neo4j Server.
2015-04-08 12:51:29.051+0000 INFO  [API] Successfully stopped database
2015-04-08 12:51:29.051+0000 INFO  [API] Successfully shutdown database.
2015-04-08 14:33:27.389+0000 INFO  [API] Setting startup timeout to: 120000ms based on 120000
2015-04-08 14:36:31.281+0000 INFO  [API] Successfully started database
2015-04-08 14:36:38.876+0000 ERROR [org.neo4j]: Exception when stopping org.neo4j.kernel.impl.transaction.log.PhysicalLogFile@434a93cc null
java.nio.channels.ClosedByInterruptException
	at java.nio.channels.spi.AbstractInterruptibleChannel.end(AbstractInterruptibleChannel.java:202)
	at sun.nio.ch.FileChannelImpl.write(FileChannelImpl.java:210)
	at org.neo4j.io.fs.StoreFileChannel.write(StoreFileChannel.java:153)
	at org.neo4j.kernel.impl.transaction.log.PhysicalLogVersionedStoreChannel.write(PhysicalLogVersionedStoreChannel.java:112)
	at org.neo4j.kernel.impl.transaction.log.PhysicalWritableLogChannel.emptyBufferIntoChannelAndClearIt(PhysicalWritableLogChannel.java:75)
	at org.neo4j.kernel.impl.transaction.log.PhysicalWritableLogChannel.close(PhysicalWritableLogChannel.java:179)
	at org.neo4j.kernel.impl.transaction.log.PhysicalLogFile.stop(PhysicalLogFile.java:120)
	at org.neo4j.kernel.lifecycle.LifeSupport$LifecycleInstance.stop(LifeSupport.java:527)
	at org.neo4j.kernel.lifecycle.LifeSupport.stop(LifeSupport.java:155)
	at org.neo4j.kernel.lifecycle.LifeSupport.shutdown(LifeSupport.java:185)
	at org.neo4j.kernel.NeoStoreDataSource.stop(NeoStoreDataSource.java:1134)
	at org.neo4j.kernel.lifecycle.LifeSupport$LifecycleInstance.stop(LifeSupport.java:527)
	at org.neo4j.kernel.lifecycle.LifeSupport.stop(LifeSupport.java:155)
	at org.neo4j.kernel.impl.transaction.state.DataSourceManager.stop(DataSourceManager.java:137)
	at org.neo4j.kernel.lifecycle.LifeSupport$LifecycleInstance.stop(LifeSupport.java:527)
	at org.neo4j.kernel.lifecycle.LifeSupport.stop(LifeSupport.java:155)
	at org.neo4j.kernel.lifecycle.LifeSupport.shutdown(LifeSupport.java:185)
	at org.neo4j.kernel.InternalAbstractGraphDatabase.shutdown(InternalAbstractGraphDatabase.java:685)
	at org.neo4j.server.database.LifecycleManagingDatabase.stop(LifecycleManagingDatabase.java:128)
	at org.neo4j.kernel.lifecycle.LifeSupport$LifecycleInstance.stop(LifeSupport.java:527)
	at org.neo4j.kernel.lifecycle.LifeSupport.stop(LifeSupport.java:155)
	at org.neo4j.kernel.lifecycle.LifeSupport.start(LifeSupport.java:123)
	at org.neo4j.server.AbstractNeoServer.start(AbstractNeoServer.java:203)
	at org.neo4j.server.Bootstrapper.start(Bootstrapper.java:117)
	at org.neo4j.server.Bootstrapper.main(Bootstrapper.java:69)
2015-04-08 14:36:39.899+0000 ERROR [org.neo4j]: Exception when stopping org.neo4j.kernel.NeoStoreDataSource@7b7bbf11 Component 'org.neo4j.kernel.impl.transaction.log.PhysicalLogFile@434a93cc' failed to stop. Please see attached cause exception.
org.neo4j.kernel.lifecycle.LifecycleException: Component 'org.neo4j.kernel.impl.transaction.log.PhysicalLogFile@434a93cc' failed to stop. Please see attached cause exception.
	at org.neo4j.kernel.lifecycle.LifeSupport$LifecycleInstance.stop(LifeSupport.java:532)
	at org.neo4j.kernel.lifecycle.LifeSupport.stop(LifeSupport.java:155)
	at org.neo4j.kernel.lifecycle.LifeSupport.shutdown(LifeSupport.java:185)
	at org.neo4j.kernel.NeoStoreDataSource.stop(NeoStoreDataSource.java:1134)
	at org.neo4j.kernel.lifecycle.LifeSupport$LifecycleInstance.stop(LifeSupport.java:527)
	at org.neo4j.kernel.lifecycle.LifeSupport.stop(LifeSupport.java:155)
	at org.neo4j.kernel.impl.transaction.state.DataSourceManager.stop(DataSourceManager.java:137)
	at org.neo4j.kernel.lifecycle.LifeSupport$LifecycleInstance.stop(LifeSupport.java:527)
	at org.neo4j.kernel.lifecycle.LifeSupport.stop(LifeSupport.java:155)
	at org.neo4j.kernel.lifecycle.LifeSupport.shutdown(LifeSupport.java:185)
	at org.neo4j.kernel.InternalAbstractGraphDatabase.shutdown(InternalAbstractGraphDatabase.java:685)
	at org.neo4j.server.database.LifecycleManagingDatabase.stop(LifecycleManagingDatabase.java:128)
	at org.neo4j.kernel.lifecycle.LifeSupport$LifecycleInstance.stop(LifeSupport.java:527)
	at org.neo4j.kernel.lifecycle.LifeSupport.stop(LifeSupport.java:155)
	at org.neo4j.kernel.lifecycle.LifeSupport.start(LifeSupport.java:123)
	at org.neo4j.server.AbstractNeoServer.start(AbstractNeoServer.java:203)
	at org.neo4j.server.Bootstrapper.start(Bootstrapper.java:117)
	at org.neo4j.server.Bootstrapper.main(Bootstrapper.java:69)
Caused by: java.nio.channels.ClosedByInterruptException
	at java.nio.channels.spi.AbstractInterruptibleChannel.end(AbstractInterruptibleChannel.java:202)
	at sun.nio.ch.FileChannelImpl.write(FileChannelImpl.java:210)
	at org.neo4j.io.fs.StoreFileChannel.write(StoreFileChannel.java:153)
	at org.neo4j.kernel.impl.transaction.log.PhysicalLogVersionedStoreChannel.write(PhysicalLogVersionedStoreChannel.java:112)
	at org.neo4j.kernel.impl.transaction.log.PhysicalWritableLogChannel.emptyBufferIntoChannelAndClearIt(PhysicalWritableLogChannel.java:75)
	at org.neo4j.kernel.impl.transaction.log.PhysicalWritableLogChannel.close(PhysicalWritableLogChannel.java:179)
	at org.neo4j.kernel.impl.transaction.log.PhysicalLogFile.stop(PhysicalLogFile.java:120)
	at org.neo4j.kernel.lifecycle.LifeSupport$LifecycleInstance.stop(LifeSupport.java:527)
	... 17 more
2015-04-08 14:36:39.901+0000 ERROR [org.neo4j]: Exception when stopping org.neo4j.kernel.impl.transaction.state.DataSourceManager@70707e37 Component 'org.neo4j.kernel.NeoStoreDataSource@7b7bbf11' failed to stop. Please see attached cause exception.
org.neo4j.kernel.lifecycle.LifecycleException: Component 'org.neo4j.kernel.NeoStoreDataSource@7b7bbf11' failed to stop. Please see attached cause exception.
	at org.neo4j.kernel.lifecycle.LifeSupport$LifecycleInstance.stop(LifeSupport.java:532)
	at org.neo4j.kernel.lifecycle.LifeSupport.stop(LifeSupport.java:155)
	at org.neo4j.kernel.impl.transaction.state.DataSourceManager.stop(DataSourceManager.java:137)
	at org.neo4j.kernel.lifecycle.LifeSupport$LifecycleInstance.stop(LifeSupport.java:527)
	at org.neo4j.kernel.lifecycle.LifeSupport.stop(LifeSupport.java:155)
	at org.neo4j.kernel.lifecycle.LifeSupport.shutdown(LifeSupport.java:185)
	at org.neo4j.kernel.InternalAbstractGraphDatabase.shutdown(InternalAbstractGraphDatabase.java:685)
	at org.neo4j.server.database.LifecycleManagingDatabase.stop(LifecycleManagingDatabase.java:128)
	at org.neo4j.kernel.lifecycle.LifeSupport$LifecycleInstance.stop(LifeSupport.java:527)
	at org.neo4j.kernel.lifecycle.LifeSupport.stop(LifeSupport.java:155)
	at org.neo4j.kernel.lifecycle.LifeSupport.start(LifeSupport.java:123)
	at org.neo4j.server.AbstractNeoServer.start(AbstractNeoServer.java:203)
	at org.neo4j.server.Bootstrapper.start(Bootstrapper.java:117)
	at org.neo4j.server.Bootstrapper.main(Bootstrapper.java:69)
Caused by: org.neo4j.kernel.lifecycle.LifecycleException: Component 'org.neo4j.kernel.impl.transaction.log.PhysicalLogFile@434a93cc' failed to stop. Please see attached cause exception.
	at org.neo4j.kernel.lifecycle.LifeSupport$LifecycleInstance.stop(LifeSupport.java:532)
	at org.neo4j.kernel.lifecycle.LifeSupport.stop(LifeSupport.java:155)
	at org.neo4j.kernel.lifecycle.LifeSupport.shutdown(LifeSupport.java:185)
	at org.neo4j.kernel.NeoStoreDataSource.stop(NeoStoreDataSource.java:1134)
	at org.neo4j.kernel.lifecycle.LifeSupport$LifecycleInstance.stop(LifeSupport.java:527)
	... 13 more
Caused by: java.nio.channels.ClosedByInterruptException
	at java.nio.channels.spi.AbstractInterruptibleChannel.end(AbstractInterruptibleChannel.java:202)
	at sun.nio.ch.FileChannelImpl.write(FileChannelImpl.java:210)
	at org.neo4j.io.fs.StoreFileChannel.write(StoreFileChannel.java:153)
	at org.neo4j.kernel.impl.transaction.log.PhysicalLogVersionedStoreChannel.write(PhysicalLogVersionedStoreChannel.java:112)
	at org.neo4j.kernel.impl.transaction.log.PhysicalWritableLogChannel.emptyBufferIntoChannelAndClearIt(PhysicalWritableLogChannel.java:75)
	at org.neo4j.kernel.impl.transaction.log.PhysicalWritableLogChannel.close(PhysicalWritableLogChannel.java:179)
	at org.neo4j.kernel.impl.transaction.log.PhysicalLogFile.stop(PhysicalLogFile.java:120)
	at org.neo4j.kernel.lifecycle.LifeSupport$LifecycleInstance.stop(LifeSupport.java:527)
	... 17 more
2015-04-08 14:36:39.903+0000 ERROR [org.neo4j]: Lifecycle exception Failed to transition component 'org.neo4j.kernel.impl.pagecache.PageCacheLifecycle@72c630cf' from STOPPED to SHUTTING_DOWN. Please see attached cause exception
org.neo4j.kernel.lifecycle.LifecycleException: Failed to transition component 'org.neo4j.kernel.impl.pagecache.PageCacheLifecycle@72c630cf' from STOPPED to SHUTTING_DOWN. Please see attached cause exception
	at org.neo4j.kernel.lifecycle.LifeSupport$LifecycleInstance.shutdown(LifeSupport.java:559)
	at org.neo4j.kernel.lifecycle.LifeSupport.shutdown(LifeSupport.java:200)
	at org.neo4j.kernel.InternalAbstractGraphDatabase.shutdown(InternalAbstractGraphDatabase.java:685)
	at org.neo4j.server.database.LifecycleManagingDatabase.stop(LifecycleManagingDatabase.java:128)
	at org.neo4j.kernel.lifecycle.LifeSupport$LifecycleInstance.stop(LifeSupport.java:527)
	at org.neo4j.kernel.lifecycle.LifeSupport.stop(LifeSupport.java:155)
	at org.neo4j.kernel.lifecycle.LifeSupport.start(LifeSupport.java:123)
	at org.neo4j.server.AbstractNeoServer.start(AbstractNeoServer.java:203)
	at org.neo4j.server.Bootstrapper.start(Bootstrapper.java:117)
	at org.neo4j.server.Bootstrapper.main(Bootstrapper.java:69)
Caused by: java.lang.IllegalStateException: Cannot close the PageCache while files are still mapped:
	neostore.counts.db.b (1 mapping)
	neostore (1 mapping)
	neostore.relationshipgroupstore.db (1 mapping)
	neostore.schemastore.db (1 mapping)
	neostore.nodestore.db (1 mapping)
	neostore.nodestore.db.labels (1 mapping)
	neostore.relationshipstore.db (1 mapping)
	neostore.propertystore.db (1 mapping)
	neostore.propertystore.db.arrays (1 mapping)
	neostore.propertystore.db.strings (1 mapping)
	neostore.propertystore.db.index (1 mapping)
	neostore.propertystore.db.index.keys (1 mapping)
	neostore.labeltokenstore.db (1 mapping)
	neostore.labeltokenstore.db.names (1 mapping)
	neostore.relationshiptypestore.db (1 mapping)
	neostore.relationshiptypestore.db.names (1 mapping)
	at org.neo4j.io.pagecache.impl.muninn.MuninnPageCache.close(MuninnPageCache.java:473)
	at org.neo4j.kernel.impl.pagecache.PageCacheLifecycle.shutdown(PageCacheLifecycle.java:42)
	at org.neo4j.kernel.lifecycle.LifeSupport$LifecycleInstance.shutdown(LifeSupport.java:555)
	... 9 more
2015-04-08 14:36:39.904+0000 ERROR [org.neo4j]: Chained lifecycle exception Component 'org.neo4j.kernel.impl.transaction.state.DataSourceManager@70707e37' failed to stop. Please see attached cause exception.
org.neo4j.kernel.lifecycle.LifecycleException: Component 'org.neo4j.kernel.impl.transaction.state.DataSourceManager@70707e37' failed to stop. Please see attached cause exception.
	at org.neo4j.kernel.lifecycle.LifeSupport$LifecycleInstance.stop(LifeSupport.java:532)
	at org.neo4j.kernel.lifecycle.LifeSupport.stop(LifeSupport.java:155)
	at org.neo4j.kernel.lifecycle.LifeSupport.shutdown(LifeSupport.java:185)
	at org.neo4j.kernel.InternalAbstractGraphDatabase.shutdown(InternalAbstractGraphDatabase.java:685)
	at org.neo4j.server.database.LifecycleManagingDatabase.stop(LifecycleManagingDatabase.java:128)
	at org.neo4j.kernel.lifecycle.LifeSupport$LifecycleInstance.stop(LifeSupport.java:527)
	at org.neo4j.kernel.lifecycle.LifeSupport.stop(LifeSupport.java:155)
	at org.neo4j.kernel.lifecycle.LifeSupport.start(LifeSupport.java:123)
	at org.neo4j.server.AbstractNeoServer.start(AbstractNeoServer.java:203)
	at org.neo4j.server.Bootstrapper.start(Bootstrapper.java:117)
	at org.neo4j.server.Bootstrapper.main(Bootstrapper.java:69)
Caused by: org.neo4j.kernel.lifecycle.LifecycleException: Component 'org.neo4j.kernel.NeoStoreDataSource@7b7bbf11' failed to stop. Please see attached cause exception.
	at org.neo4j.kernel.lifecycle.LifeSupport$LifecycleInstance.stop(LifeSupport.java:532)
	at org.neo4j.kernel.lifecycle.LifeSupport.stop(LifeSupport.java:155)
	at org.neo4j.kernel.impl.transaction.state.DataSourceManager.stop(DataSourceManager.java:137)
	at org.neo4j.kernel.lifecycle.LifeSupport$LifecycleInstance.stop(LifeSupport.java:527)
	... 10 more
Caused by: org.neo4j.kernel.lifecycle.LifecycleException: Component 'org.neo4j.kernel.impl.transaction.log.PhysicalLogFile@434a93cc' failed to stop. Please see attached cause exception.
	at org.neo4j.kernel.lifecycle.LifeSupport$LifecycleInstance.stop(LifeSupport.java:532)
	at org.neo4j.kernel.lifecycle.LifeSupport.stop(LifeSupport.java:155)
	at org.neo4j.kernel.lifecycle.LifeSupport.shutdown(LifeSupport.java:185)
	at org.neo4j.kernel.NeoStoreDataSource.stop(NeoStoreDataSource.java:1134)
	at org.neo4j.kernel.lifecycle.LifeSupport$LifecycleInstance.stop(LifeSupport.java:527)
	... 13 more
Caused by: java.nio.channels.ClosedByInterruptException
	at java.nio.channels.spi.AbstractInterruptibleChannel.end(AbstractInterruptibleChannel.java:202)
	at sun.nio.ch.FileChannelImpl.write(FileChannelImpl.java:210)
	at org.neo4j.io.fs.StoreFileChannel.write(StoreFileChannel.java:153)
	at org.neo4j.kernel.impl.transaction.log.PhysicalLogVersionedStoreChannel.write(PhysicalLogVersionedStoreChannel.java:112)
	at org.neo4j.kernel.impl.transaction.log.PhysicalWritableLogChannel.emptyBufferIntoChannelAndClearIt(PhysicalWritableLogChannel.java:75)
	at org.neo4j.kernel.impl.transaction.log.PhysicalWritableLogChannel.close(PhysicalWritableLogChannel.java:179)
	at org.neo4j.kernel.impl.transaction.log.PhysicalLogFile.stop(PhysicalLogFile.java:120)
	at org.neo4j.kernel.lifecycle.LifeSupport$LifecycleInstance.stop(LifeSupport.java:527)
	... 17 more
2015-04-08 14:36:40.135+0000 INFO  [API] Database did not stop cleanly. Reason [Failed to transition component 'org.neo4j.kernel.impl.pagecache.PageCacheLifecycle@72c630cf' from STOPPED to SHUTTING_DOWN. Please see attached cause exception]
2015-04-08 14:36:40.135+0000 ERROR [org.neo4j]: Exception when stopping org.neo4j.server.database.LifecycleManagingDatabase@27aeefa8 Failed to transition component 'org.neo4j.kernel.impl.pagecache.PageCacheLifecycle@72c630cf' from STOPPED to SHUTTING_DOWN. Please see attached cause exception
org.neo4j.kernel.lifecycle.LifecycleException: Failed to transition component 'org.neo4j.kernel.impl.pagecache.PageCacheLifecycle@72c630cf' from STOPPED to SHUTTING_DOWN. Please see attached cause exception
	at org.neo4j.kernel.lifecycle.LifeSupport$LifecycleInstance.shutdown(LifeSupport.java:559)
	at org.neo4j.kernel.lifecycle.LifeSupport.shutdown(LifeSupport.java:200)
	at org.neo4j.kernel.InternalAbstractGraphDatabase.shutdown(InternalAbstractGraphDatabase.java:685)
	at org.neo4j.server.database.LifecycleManagingDatabase.stop(LifecycleManagingDatabase.java:128)
	at org.neo4j.kernel.lifecycle.LifeSupport$LifecycleInstance.stop(LifeSupport.java:527)
	at org.neo4j.kernel.lifecycle.LifeSupport.stop(LifeSupport.java:155)
	at org.neo4j.kernel.lifecycle.LifeSupport.start(LifeSupport.java:123)
	at org.neo4j.server.AbstractNeoServer.start(AbstractNeoServer.java:203)
	at org.neo4j.server.Bootstrapper.start(Bootstrapper.java:117)
	at org.neo4j.server.Bootstrapper.main(Bootstrapper.java:69)
Caused by: java.lang.IllegalStateException: Cannot close the PageCache while files are still mapped:
	neostore.counts.db.b (1 mapping)
	neostore (1 mapping)
	neostore.relationshipgroupstore.db (1 mapping)
	neostore.schemastore.db (1 mapping)
	neostore.nodestore.db (1 mapping)
	neostore.nodestore.db.labels (1 mapping)
	neostore.relationshipstore.db (1 mapping)
	neostore.propertystore.db (1 mapping)
	neostore.propertystore.db.arrays (1 mapping)
	neostore.propertystore.db.strings (1 mapping)
	neostore.propertystore.db.index (1 mapping)
	neostore.propertystore.db.index.keys (1 mapping)
	neostore.labeltokenstore.db (1 mapping)
	neostore.labeltokenstore.db.names (1 mapping)
	neostore.relationshiptypestore.db (1 mapping)
	neostore.relationshiptypestore.db.names (1 mapping)
	at org.neo4j.io.pagecache.impl.muninn.MuninnPageCache.close(MuninnPageCache.java:473)
	at org.neo4j.kernel.impl.pagecache.PageCacheLifecycle.shutdown(PageCacheLifecycle.java:42)
	at org.neo4j.kernel.lifecycle.LifeSupport$LifecycleInstance.shutdown(LifeSupport.java:555)
	... 9 more
Caused by: org.neo4j.kernel.lifecycle.LifecycleException: Component 'org.neo4j.kernel.impl.transaction.state.DataSourceManager@70707e37' failed to stop. Please see attached cause exception.
	at org.neo4j.kernel.lifecycle.LifeSupport$LifecycleInstance.stop(LifeSupport.java:532)
	at org.neo4j.kernel.lifecycle.LifeSupport.stop(LifeSupport.java:155)
	at org.neo4j.kernel.lifecycle.LifeSupport.shutdown(LifeSupport.java:185)
	... 8 more
Caused by: org.neo4j.kernel.lifecycle.LifecycleException: Component 'org.neo4j.kernel.NeoStoreDataSource@7b7bbf11' failed to stop. Please see attached cause exception.
	at org.neo4j.kernel.lifecycle.LifeSupport$LifecycleInstance.stop(LifeSupport.java:532)
	at org.neo4j.kernel.lifecycle.LifeSupport.stop(LifeSupport.java:155)
	at org.neo4j.kernel.impl.transaction.state.DataSourceManager.stop(DataSourceManager.java:137)
	at org.neo4j.kernel.lifecycle.LifeSupport$LifecycleInstance.stop(LifeSupport.java:527)
	... 10 more
Caused by: org.neo4j.kernel.lifecycle.LifecycleException: Component 'org.neo4j.kernel.impl.transaction.log.PhysicalLogFile@434a93cc' failed to stop. Please see attached cause exception.
	at org.neo4j.kernel.lifecycle.LifeSupport$LifecycleInstance.stop(LifeSupport.java:532)
	at org.neo4j.kernel.lifecycle.LifeSupport.stop(LifeSupport.java:155)
	at org.neo4j.kernel.lifecycle.LifeSupport.shutdown(LifeSupport.java:185)
	at org.neo4j.kernel.NeoStoreDataSource.stop(NeoStoreDataSource.java:1134)
	at org.neo4j.kernel.lifecycle.LifeSupport$LifecycleInstance.stop(LifeSupport.java:527)
	... 13 more
Caused by: java.nio.channels.ClosedByInterruptException
	at java.nio.channels.spi.AbstractInterruptibleChannel.end(AbstractInterruptibleChannel.java:202)
	at sun.nio.ch.FileChannelImpl.write(FileChannelImpl.java:210)
	at org.neo4j.io.fs.StoreFileChannel.write(StoreFileChannel.java:153)
	at org.neo4j.kernel.impl.transaction.log.PhysicalLogVersionedStoreChannel.write(PhysicalLogVersionedStoreChannel.java:112)
	at org.neo4j.kernel.impl.transaction.log.PhysicalWritableLogChannel.emptyBufferIntoChannelAndClearIt(PhysicalWritableLogChannel.java:75)
	at org.neo4j.kernel.impl.transaction.log.PhysicalWritableLogChannel.close(PhysicalWritableLogChannel.java:179)
	at org.neo4j.kernel.impl.transaction.log.PhysicalLogFile.stop(PhysicalLogFile.java:120)
	at org.neo4j.kernel.lifecycle.LifeSupport$LifecycleInstance.stop(LifeSupport.java:527)
	... 17 more
2015-04-08 14:36:40.137+0000 ERROR [org.neo4j]: Lifecycle exception Component 'org.neo4j.server.database.LifecycleManagingDatabase@27aeefa8' failed to stop. Please see attached cause exception.
org.neo4j.kernel.lifecycle.LifecycleException: Component 'org.neo4j.server.database.LifecycleManagingDatabase@27aeefa8' failed to stop. Please see attached cause exception.
	at org.neo4j.kernel.lifecycle.LifeSupport$LifecycleInstance.stop(LifeSupport.java:532)
	at org.neo4j.kernel.lifecycle.LifeSupport.stop(LifeSupport.java:155)
	at org.neo4j.kernel.lifecycle.LifeSupport.start(LifeSupport.java:123)
	at org.neo4j.server.AbstractNeoServer.start(AbstractNeoServer.java:203)
	at org.neo4j.server.Bootstrapper.start(Bootstrapper.java:117)
	at org.neo4j.server.Bootstrapper.main(Bootstrapper.java:69)
Caused by: org.neo4j.kernel.lifecycle.LifecycleException: Failed to transition component 'org.neo4j.kernel.impl.pagecache.PageCacheLifecycle@72c630cf' from STOPPED to SHUTTING_DOWN. Please see attached cause exception
	at org.neo4j.kernel.lifecycle.LifeSupport$LifecycleInstance.shutdown(LifeSupport.java:559)
	at org.neo4j.kernel.lifecycle.LifeSupport.shutdown(LifeSupport.java:200)
	at org.neo4j.kernel.InternalAbstractGraphDatabase.shutdown(InternalAbstractGraphDatabase.java:685)
	at org.neo4j.server.database.LifecycleManagingDatabase.stop(LifecycleManagingDatabase.java:128)
	at org.neo4j.kernel.lifecycle.LifeSupport$LifecycleInstance.stop(LifeSupport.java:527)
	... 5 more
Caused by: java.lang.IllegalStateException: Cannot close the PageCache while files are still mapped:
	neostore.counts.db.b (1 mapping)
	neostore (1 mapping)
	neostore.relationshipgroupstore.db (1 mapping)
	neostore.schemastore.db (1 mapping)
	neostore.nodestore.db (1 mapping)
	neostore.nodestore.db.labels (1 mapping)
	neostore.relationshipstore.db (1 mapping)
	neostore.propertystore.db (1 mapping)
	neostore.propertystore.db.arrays (1 mapping)
	neostore.propertystore.db.strings (1 mapping)
	neostore.propertystore.db.index (1 mapping)
	neostore.propertystore.db.index.keys (1 mapping)
	neostore.labeltokenstore.db (1 mapping)
	neostore.labeltokenstore.db.names (1 mapping)
	neostore.relationshiptypestore.db (1 mapping)
	neostore.relationshiptypestore.db.names (1 mapping)
	at org.neo4j.io.pagecache.impl.muninn.MuninnPageCache.close(MuninnPageCache.java:473)
	at org.neo4j.kernel.impl.pagecache.PageCacheLifecycle.shutdown(PageCacheLifecycle.java:42)
	at org.neo4j.kernel.lifecycle.LifeSupport$LifecycleInstance.shutdown(LifeSupport.java:555)
	... 9 more
Caused by: org.neo4j.kernel.lifecycle.LifecycleException: Component 'org.neo4j.kernel.impl.transaction.state.DataSourceManager@70707e37' failed to stop. Please see attached cause exception.
	at org.neo4j.kernel.lifecycle.LifeSupport$LifecycleInstance.stop(LifeSupport.java:532)
	at org.neo4j.kernel.lifecycle.LifeSupport.stop(LifeSupport.java:155)
	at org.neo4j.kernel.lifecycle.LifeSupport.shutdown(LifeSupport.java:185)
	... 8 more
Caused by: org.neo4j.kernel.lifecycle.LifecycleException: Component 'org.neo4j.kernel.NeoStoreDataSource@7b7bbf11' failed to stop. Please see attached cause exception.
	at org.neo4j.kernel.lifecycle.LifeSupport$LifecycleInstance.stop(LifeSupport.java:532)
	at org.neo4j.kernel.lifecycle.LifeSupport.stop(LifeSupport.java:155)
	at org.neo4j.kernel.impl.transaction.state.DataSourceManager.stop(DataSourceManager.java:137)
	at org.neo4j.kernel.lifecycle.LifeSupport$LifecycleInstance.stop(LifeSupport.java:527)
	... 10 more
Caused by: org.neo4j.kernel.lifecycle.LifecycleException: Component 'org.neo4j.kernel.impl.transaction.log.PhysicalLogFile@434a93cc' failed to stop. Please see attached cause exception.
	at org.neo4j.kernel.lifecycle.LifeSupport$LifecycleInstance.stop(LifeSupport.java:532)
	at org.neo4j.kernel.lifecycle.LifeSupport.stop(LifeSupport.java:155)
	at org.neo4j.kernel.lifecycle.LifeSupport.shutdown(LifeSupport.java:185)
	at org.neo4j.kernel.NeoStoreDataSource.stop(NeoStoreDataSource.java:1134)
	at org.neo4j.kernel.lifecycle.LifeSupport$LifecycleInstance.stop(LifeSupport.java:527)
	... 13 more
Caused by: java.nio.channels.ClosedByInterruptException
	at java.nio.channels.spi.AbstractInterruptibleChannel.end(AbstractInterruptibleChannel.java:202)
	at sun.nio.ch.FileChannelImpl.write(FileChannelImpl.java:210)
	at org.neo4j.io.fs.StoreFileChannel.write(StoreFileChannel.java:153)
	at org.neo4j.kernel.impl.transaction.log.PhysicalLogVersionedStoreChannel.write(PhysicalLogVersionedStoreChannel.java:112)
	at org.neo4j.kernel.impl.transaction.log.PhysicalWritableLogChannel.emptyBufferIntoChannelAndClearIt(PhysicalWritableLogChannel.java:75)
	at org.neo4j.kernel.impl.transaction.log.PhysicalWritableLogChannel.close(PhysicalWritableLogChannel.java:179)
	at org.neo4j.kernel.impl.transaction.log.PhysicalLogFile.stop(PhysicalLogFile.java:120)
	at org.neo4j.kernel.lifecycle.LifeSupport$LifecycleInstance.stop(LifeSupport.java:527)
	... 17 more
2015-04-08 14:36:40.139+0000 ERROR [org.neo4j]: Chained lifecycle exception Component 'org.neo4j.server.security.auth.FileUserRepository@417f6f70' was successfully initialized, but failed to start. Please see attached cause exception.
org.neo4j.kernel.lifecycle.LifecycleException: Component 'org.neo4j.server.security.auth.FileUserRepository@417f6f70' was successfully initialized, but failed to start. Please see attached cause exception.
	at org.neo4j.kernel.lifecycle.LifeSupport$LifecycleInstance.start(LifeSupport.java:513)
	at org.neo4j.kernel.lifecycle.LifeSupport.start(LifeSupport.java:115)
	at org.neo4j.server.AbstractNeoServer.start(AbstractNeoServer.java:203)
	at org.neo4j.server.Bootstrapper.start(Bootstrapper.java:117)
	at org.neo4j.server.Bootstrapper.main(Bootstrapper.java:69)
Caused by: java.nio.channels.ClosedByInterruptException
	at java.nio.channels.spi.AbstractInterruptibleChannel.end(AbstractInterruptibleChannel.java:202)
	at sun.nio.ch.FileChannelImpl.size(FileChannelImpl.java:312)
	at java.nio.file.Files.readAllBytes(Files.java:2983)
	at org.neo4j.server.security.auth.FileUserRepository.loadUsersFromFile(FileUserRepository.java:206)
	at org.neo4j.server.security.auth.FileUserRepository.start(FileUserRepository.java:74)
	at org.neo4j.kernel.lifecycle.LifeSupport$LifecycleInstance.start(LifeSupport.java:507)
	... 4 more
2015-04-08 14:36:40.140+0000 INFO  [API] Successfully shutdown Neo4j Server.
2015-04-08 14:40:51.691+0000 INFO  [API] Setting startup timeout to: 120000ms based on 120000
2015-04-08 14:41:02.913+0000 INFO  [API] Successfully started database
2015-04-08 14:41:03.284+0000 INFO  [API] Starting HTTP on port :7474 with 4 threads available
2015-04-08 14:41:03.759+0000 INFO  [API] Enabling HTTPS on port :7473
16:41:04.598 [main] INFO  org.eclipse.jetty.util.log - Logging initialized @17260ms
2015-04-08 14:41:04.739+0000 INFO  [API] Mounting static content at [/webadmin] from [webadmin-html]
2015-04-08 14:41:04.889+0000 INFO  [API] Mounting static content at [/browser] from [browser]
16:41:04.907 [main] INFO  org.eclipse.jetty.server.Server - jetty-9.2.4.v20141103
16:41:05.006 [main] INFO  o.e.j.server.handler.ContextHandler - Started o.e.j.s.h.MovedContextHandler@43029018{/,null,AVAILABLE}
16:41:05.186 [main] INFO  o.e.j.w.StandardDescriptorProcessor - NO JSP Support for /webadmin, did not find org.apache.jasper.servlet.JspServlet
16:41:05.206 [main] INFO  o.e.j.server.handler.ContextHandler - Started o.e.j.w.WebAppContext@113a8683{/webadmin,jar:file:/home/tihomir/IntellijProjects/StackExchangeAnalysis/neo4j-community-2.2.0/system/lib/neo4j-server-2.2.0-static-web.jar!/webadmin-html,AVAILABLE}
16:41:06.441 [main] INFO  o.e.j.server.handler.ContextHandler - Started o.e.j.s.ServletContextHandler@2dfb1dba{/db/manage,null,AVAILABLE}
16:41:06.898 [main] INFO  o.e.j.server.handler.ContextHandler - Started o.e.j.s.ServletContextHandler@1f46cfba{/db/data,null,AVAILABLE}
16:41:06.924 [main] INFO  o.e.j.w.StandardDescriptorProcessor - NO JSP Support for /browser, did not find org.apache.jasper.servlet.JspServlet
16:41:06.927 [main] INFO  o.e.j.server.handler.ContextHandler - Started o.e.j.w.WebAppContext@42ad07e9{/browser,jar:file:/home/tihomir/IntellijProjects/StackExchangeAnalysis/neo4j-community-2.2.0/system/lib/neo4j-browser-2.2.0.jar!/browser,AVAILABLE}
16:41:07.131 [main] INFO  o.e.j.server.handler.ContextHandler - Started o.e.j.s.ServletContextHandler@4f670318{/,null,AVAILABLE}
16:41:07.219 [main] INFO  o.e.jetty.server.ServerConnector - Started ServerConnector@1d7fc1d2{HTTP/1.1}{localhost:7474}
16:41:08.102 [main] INFO  o.e.jetty.server.ServerConnector - Started ServerConnector@641698b2{SSL-HTTP/1.1}{localhost:7473}
16:41:08.102 [main] INFO  org.eclipse.jetty.server.Server - Started @20771ms
2015-04-08 14:41:08.102+0000 INFO  [API] Server started on: http://localhost:7474/
2015-04-08 14:41:08.103+0000 INFO  [API] Remote interface ready and available at [http://localhost:7474/]
2015-04-08 14:46:36.052+0000 INFO  [API] Neo4j Server shutdown initiated by request
16:46:36.598 [Thread-13] INFO  o.e.jetty.server.ServerConnector - Stopped ServerConnector@1d7fc1d2{HTTP/1.1}{localhost:7474}
16:46:36.600 [Thread-13] INFO  o.e.jetty.server.ServerConnector - Stopped ServerConnector@641698b2{SSL-HTTP/1.1}{localhost:7473}
16:46:36.603 [Thread-13] INFO  o.e.j.server.handler.ContextHandler - Stopped o.e.j.s.ServletContextHandler@4f670318{/,null,UNAVAILABLE}
16:46:36.609 [Thread-13] INFO  o.e.j.server.handler.ContextHandler - Stopped o.e.j.w.WebAppContext@42ad07e9{/browser,jar:file:/home/tihomir/IntellijProjects/StackExchangeAnalysis/neo4j-community-2.2.0/system/lib/neo4j-browser-2.2.0.jar!/browser,UNAVAILABLE}
16:46:36.656 [Thread-13] INFO  o.e.j.server.handler.ContextHandler - Stopped o.e.j.s.ServletContextHandler@1f46cfba{/db/data,null,UNAVAILABLE}
16:46:36.657 [Thread-13] INFO  o.e.j.server.handler.ContextHandler - Stopped o.e.j.s.ServletContextHandler@2dfb1dba{/db/manage,null,UNAVAILABLE}
16:46:36.660 [Thread-13] INFO  o.e.j.server.handler.ContextHandler - Stopped o.e.j.w.WebAppContext@113a8683{/webadmin,jar:file:/home/tihomir/IntellijProjects/StackExchangeAnalysis/neo4j-community-2.2.0/system/lib/neo4j-server-2.2.0-static-web.jar!/webadmin-html,UNAVAILABLE}
16:46:36.661 [Thread-13] INFO  o.e.j.server.handler.ContextHandler - Stopped o.e.j.s.h.MovedContextHandler@43029018{/,null,UNAVAILABLE}
2015-04-08 14:46:36.738+0000 INFO  [API] Successfully shutdown Neo4j Server.
2015-04-08 14:46:38.697+0000 INFO  [API] Successfully stopped database
2015-04-08 14:46:38.698+0000 INFO  [API] Successfully shutdown database.
2015-04-08 20:53:44.607+0000 INFO  [API] Setting startup timeout to: 120000ms based on 120000
2015-04-08 20:53:54.603+0000 INFO  [API] Successfully started database
2015-04-08 20:53:55.693+0000 INFO  [API] Starting HTTP on port :7474 with 4 threads available
2015-04-08 20:53:56.629+0000 INFO  [API] Enabling HTTPS on port :7473
22:53:56.839 [main] INFO  org.eclipse.jetty.util.log - Logging initialized @16110ms
2015-04-08 20:53:56.948+0000 INFO  [API] Mounting static content at [/webadmin] from [webadmin-html]
2015-04-08 20:53:57.062+0000 INFO  [API] Mounting static content at [/browser] from [browser]
22:53:57.083 [main] INFO  org.eclipse.jetty.server.Server - jetty-9.2.4.v20141103
22:53:57.146 [main] INFO  o.e.j.server.handler.ContextHandler - Started o.e.j.s.h.MovedContextHandler@1ca02350{/,null,AVAILABLE}
22:53:57.323 [main] INFO  o.e.j.w.StandardDescriptorProcessor - NO JSP Support for /webadmin, did not find org.apache.jasper.servlet.JspServlet
22:53:57.343 [main] INFO  o.e.j.server.handler.ContextHandler - Started o.e.j.w.WebAppContext@3e5bf3bc{/webadmin,jar:file:/home/tihomir/IntellijProjects/StackExchangeAnalysis/neo4j-community-2.2.0/system/lib/neo4j-server-2.2.0-static-web.jar!/webadmin-html,AVAILABLE}
22:53:58.231 [main] INFO  o.e.j.server.handler.ContextHandler - Started o.e.j.s.ServletContextHandler@3035170{/db/manage,null,AVAILABLE}
22:53:58.624 [main] INFO  o.e.j.server.handler.ContextHandler - Started o.e.j.s.ServletContextHandler@63102d9c{/db/data,null,AVAILABLE}
22:53:58.649 [main] INFO  o.e.j.w.StandardDescriptorProcessor - NO JSP Support for /browser, did not find org.apache.jasper.servlet.JspServlet
22:53:58.651 [main] INFO  o.e.j.server.handler.ContextHandler - Started o.e.j.w.WebAppContext@85e7a90{/browser,jar:file:/home/tihomir/IntellijProjects/StackExchangeAnalysis/neo4j-community-2.2.0/system/lib/neo4j-browser-2.2.0.jar!/browser,AVAILABLE}
22:53:58.835 [main] INFO  o.e.j.server.handler.ContextHandler - Started o.e.j.s.ServletContextHandler@55a80634{/,null,AVAILABLE}
22:53:58.881 [main] INFO  o.e.jetty.server.ServerConnector - Started ServerConnector@25e208f4{HTTP/1.1}{localhost:7474}
22:53:59.500 [main] INFO  o.e.jetty.server.ServerConnector - Started ServerConnector@344c4238{SSL-HTTP/1.1}{localhost:7473}
22:53:59.500 [main] INFO  org.eclipse.jetty.server.Server - Started @18777ms
2015-04-08 20:53:59.501+0000 INFO  [API] Server started on: http://localhost:7474/
2015-04-08 20:53:59.501+0000 INFO  [API] Remote interface ready and available at [http://localhost:7474/]
2015-04-08 21:04:32.209+0000 INFO  [API] Neo4j Server shutdown initiated by request
23:04:32.227 [Thread-13] INFO  o.e.jetty.server.ServerConnector - Stopped ServerConnector@25e208f4{HTTP/1.1}{localhost:7474}
23:04:32.229 [Thread-13] INFO  o.e.jetty.server.ServerConnector - Stopped ServerConnector@344c4238{SSL-HTTP/1.1}{localhost:7473}
23:04:32.260 [Thread-13] INFO  o.e.j.server.handler.ContextHandler - Stopped o.e.j.s.ServletContextHandler@55a80634{/,null,UNAVAILABLE}
23:04:32.263 [Thread-13] INFO  o.e.j.server.handler.ContextHandler - Stopped o.e.j.w.WebAppContext@85e7a90{/browser,jar:file:/home/tihomir/IntellijProjects/StackExchangeAnalysis/neo4j-community-2.2.0/system/lib/neo4j-browser-2.2.0.jar!/browser,UNAVAILABLE}
23:04:32.392 [Thread-13] INFO  o.e.j.server.handler.ContextHandler - Stopped o.e.j.s.ServletContextHandler@63102d9c{/db/data,null,UNAVAILABLE}
23:04:32.394 [Thread-13] INFO  o.e.j.server.handler.ContextHandler - Stopped o.e.j.s.ServletContextHandler@3035170{/db/manage,null,UNAVAILABLE}
23:04:32.398 [Thread-13] INFO  o.e.j.server.handler.ContextHandler - Stopped o.e.j.w.WebAppContext@3e5bf3bc{/webadmin,jar:file:/home/tihomir/IntellijProjects/StackExchangeAnalysis/neo4j-community-2.2.0/system/lib/neo4j-server-2.2.0-static-web.jar!/webadmin-html,UNAVAILABLE}
23:04:32.399 [Thread-13] INFO  o.e.j.server.handler.ContextHandler - Stopped o.e.j.s.h.MovedContextHandler@1ca02350{/,null,UNAVAILABLE}
2015-04-08 21:04:32.486+0000 INFO  [API] Successfully shutdown Neo4j Server.
2015-04-08 21:04:34.193+0000 INFO  [API] Successfully stopped database
2015-04-08 21:04:34.193+0000 INFO  [API] Successfully shutdown database.
2015-04-08 21:08:47.371+0000 INFO  [API] Setting startup timeout to: 120000ms based on 120000
2015-04-08 21:08:51.671+0000 INFO  [API] Successfully started database
2015-04-08 21:08:51.917+0000 INFO  [API] Starting HTTP on port :7474 with 4 threads available
2015-04-08 21:08:52.651+0000 INFO  [API] Enabling HTTPS on port :7473
23:08:55.408 [main] INFO  org.eclipse.jetty.util.log - Logging initialized @9975ms
2015-04-08 21:08:56.066+0000 INFO  [API] Mounting static content at [/webadmin] from [webadmin-html]
2015-04-08 21:08:56.177+0000 INFO  [API] Mounting static content at [/browser] from [browser]
23:08:56.180 [main] INFO  org.eclipse.jetty.server.Server - jetty-9.2.4.v20141103
23:08:56.516 [main] INFO  o.e.j.server.handler.ContextHandler - Started o.e.j.s.h.MovedContextHandler@62f61f09{/,null,AVAILABLE}
23:08:56.698 [main] INFO  o.e.j.w.StandardDescriptorProcessor - NO JSP Support for /webadmin, did not find org.apache.jasper.servlet.JspServlet
23:08:56.717 [main] INFO  o.e.j.server.handler.ContextHandler - Started o.e.j.w.WebAppContext@7ee233a2{/webadmin,jar:file:/home/tihomir/IntellijProjects/StackExchangeAnalysis/neo4j-community-2.2.0/system/lib/neo4j-server-2.2.0-static-web.jar!/webadmin-html,AVAILABLE}
23:08:57.626 [main] INFO  o.e.j.server.handler.ContextHandler - Started o.e.j.s.ServletContextHandler@4de2078e{/db/manage,null,AVAILABLE}
23:08:58.031 [main] INFO  o.e.j.server.handler.ContextHandler - Started o.e.j.s.ServletContextHandler@40614609{/db/data,null,AVAILABLE}
23:08:58.060 [main] INFO  o.e.j.w.StandardDescriptorProcessor - NO JSP Support for /browser, did not find org.apache.jasper.servlet.JspServlet
23:08:58.062 [main] INFO  o.e.j.server.handler.ContextHandler - Started o.e.j.w.WebAppContext@2ea98739{/browser,jar:file:/home/tihomir/IntellijProjects/StackExchangeAnalysis/neo4j-community-2.2.0/system/lib/neo4j-browser-2.2.0.jar!/browser,AVAILABLE}
23:08:58.229 [main] INFO  o.e.j.server.handler.ContextHandler - Started o.e.j.s.ServletContextHandler@62b868ae{/,null,AVAILABLE}
23:08:58.272 [main] INFO  o.e.jetty.server.ServerConnector - Started ServerConnector@3b3ab523{HTTP/1.1}{localhost:7474}
23:08:58.927 [main] INFO  o.e.jetty.server.ServerConnector - Started ServerConnector@372b55b1{SSL-HTTP/1.1}{localhost:7473}
23:08:58.928 [main] INFO  org.eclipse.jetty.server.Server - Started @13506ms
2015-04-08 21:08:58.928+0000 INFO  [API] Server started on: http://localhost:7474/
2015-04-08 21:08:58.929+0000 INFO  [API] Remote interface ready and available at [http://localhost:7474/]
2015-04-08 21:10:00.992+0000 INFO  [API] Neo4j Server shutdown initiated by request
23:10:01.117 [Thread-13] INFO  o.e.jetty.server.ServerConnector - Stopped ServerConnector@3b3ab523{HTTP/1.1}{localhost:7474}
23:10:01.118 [Thread-13] INFO  o.e.jetty.server.ServerConnector - Stopped ServerConnector@372b55b1{SSL-HTTP/1.1}{localhost:7473}
23:10:01.136 [Thread-13] INFO  o.e.j.server.handler.ContextHandler - Stopped o.e.j.s.ServletContextHandler@62b868ae{/,null,UNAVAILABLE}
23:10:01.139 [Thread-13] INFO  o.e.j.server.handler.ContextHandler - Stopped o.e.j.w.WebAppContext@2ea98739{/browser,jar:file:/home/tihomir/IntellijProjects/StackExchangeAnalysis/neo4j-community-2.2.0/system/lib/neo4j-browser-2.2.0.jar!/browser,UNAVAILABLE}
23:10:01.185 [Thread-13] INFO  o.e.j.server.handler.ContextHandler - Stopped o.e.j.s.ServletContextHandler@40614609{/db/data,null,UNAVAILABLE}
23:10:01.186 [Thread-13] INFO  o.e.j.server.handler.ContextHandler - Stopped o.e.j.s.ServletContextHandler@4de2078e{/db/manage,null,UNAVAILABLE}
23:10:01.190 [Thread-13] INFO  o.e.j.server.handler.ContextHandler - Stopped o.e.j.w.WebAppContext@7ee233a2{/webadmin,jar:file:/home/tihomir/IntellijProjects/StackExchangeAnalysis/neo4j-community-2.2.0/system/lib/neo4j-server-2.2.0-static-web.jar!/webadmin-html,UNAVAILABLE}
23:10:01.194 [Thread-13] INFO  o.e.j.server.handler.ContextHandler - Stopped o.e.j.s.h.MovedContextHandler@62f61f09{/,null,UNAVAILABLE}
2015-04-08 21:10:01.288+0000 INFO  [API] Successfully shutdown Neo4j Server.
2015-04-08 21:10:03.515+0000 INFO  [API] Successfully stopped database
2015-04-08 21:10:03.516+0000 INFO  [API] Successfully shutdown database.
2015-04-08 21:11:33.060+0000 INFO  [API] Setting startup timeout to: 120000ms based on 120000
2015-04-08 21:11:37.836+0000 INFO  [API] Successfully started database
2015-04-08 21:11:38.034+0000 INFO  [API] Starting HTTP on port :7474 with 4 threads available
2015-04-08 21:11:38.411+0000 INFO  [API] Enabling HTTPS on port :7473
23:11:38.776 [main] INFO  org.eclipse.jetty.util.log - Logging initialized @7519ms
2015-04-08 21:11:38.934+0000 INFO  [API] Mounting static content at [/webadmin] from [webadmin-html]
2015-04-08 21:11:39.014+0000 INFO  [API] Mounting static content at [/browser] from [browser]
23:11:39.018 [main] INFO  org.eclipse.jetty.server.Server - jetty-9.2.4.v20141103
23:11:39.105 [main] INFO  o.e.j.server.handler.ContextHandler - Started o.e.j.s.h.MovedContextHandler@62f61f09{/,null,AVAILABLE}
23:11:39.276 [main] INFO  o.e.j.w.StandardDescriptorProcessor - NO JSP Support for /webadmin, did not find org.apache.jasper.servlet.JspServlet
23:11:39.293 [main] INFO  o.e.j.server.handler.ContextHandler - Started o.e.j.w.WebAppContext@7ee233a2{/webadmin,jar:file:/home/tihomir/IntellijProjects/StackExchangeAnalysis/neo4j-community-2.2.0/system/lib/neo4j-server-2.2.0-static-web.jar!/webadmin-html,AVAILABLE}
23:11:40.010 [main] INFO  o.e.j.server.handler.ContextHandler - Started o.e.j.s.ServletContextHandler@4de2078e{/db/manage,null,AVAILABLE}
23:11:40.476 [main] INFO  o.e.j.server.handler.ContextHandler - Started o.e.j.s.ServletContextHandler@40614609{/db/data,null,AVAILABLE}
23:11:40.505 [main] INFO  o.e.j.w.StandardDescriptorProcessor - NO JSP Support for /browser, did not find org.apache.jasper.servlet.JspServlet
23:11:40.506 [main] INFO  o.e.j.server.handler.ContextHandler - Started o.e.j.w.WebAppContext@2ea98739{/browser,jar:file:/home/tihomir/IntellijProjects/StackExchangeAnalysis/neo4j-community-2.2.0/system/lib/neo4j-browser-2.2.0.jar!/browser,AVAILABLE}
23:11:40.706 [main] INFO  o.e.j.server.handler.ContextHandler - Started o.e.j.s.ServletContextHandler@62b868ae{/,null,AVAILABLE}
23:11:40.751 [main] INFO  o.e.jetty.server.ServerConnector - Started ServerConnector@3b3ab523{HTTP/1.1}{localhost:7474}
23:11:41.544 [main] INFO  o.e.jetty.server.ServerConnector - Started ServerConnector@220553f7{SSL-HTTP/1.1}{localhost:7473}
23:11:41.546 [main] INFO  org.eclipse.jetty.server.Server - Started @10296ms
2015-04-08 21:11:41.547+0000 INFO  [API] Server started on: http://localhost:7474/
2015-04-08 21:11:41.547+0000 INFO  [API] Remote interface ready and available at [http://localhost:7474/]
2015-04-08 21:48:28.835+0000 INFO  [API] Neo4j Server shutdown initiated by request
23:48:29.471 [Thread-13] INFO  o.e.jetty.server.ServerConnector - Stopped ServerConnector@3b3ab523{HTTP/1.1}{localhost:7474}
23:48:29.473 [Thread-13] INFO  o.e.jetty.server.ServerConnector - Stopped ServerConnector@220553f7{SSL-HTTP/1.1}{localhost:7473}
23:48:29.492 [Thread-13] INFO  o.e.j.server.handler.ContextHandler - Stopped o.e.j.s.ServletContextHandler@62b868ae{/,null,UNAVAILABLE}
23:48:29.496 [Thread-13] INFO  o.e.j.server.handler.ContextHandler - Stopped o.e.j.w.WebAppContext@2ea98739{/browser,jar:file:/home/tihomir/IntellijProjects/StackExchangeAnalysis/neo4j-community-2.2.0/system/lib/neo4j-browser-2.2.0.jar!/browser,UNAVAILABLE}
23:48:29.540 [Thread-13] INFO  o.e.j.server.handler.ContextHandler - Stopped o.e.j.s.ServletContextHandler@40614609{/db/data,null,UNAVAILABLE}
23:48:29.541 [Thread-13] INFO  o.e.j.server.handler.ContextHandler - Stopped o.e.j.s.ServletContextHandler@4de2078e{/db/manage,null,UNAVAILABLE}
23:48:29.543 [Thread-13] INFO  o.e.j.server.handler.ContextHandler - Stopped o.e.j.w.WebAppContext@7ee233a2{/webadmin,jar:file:/home/tihomir/IntellijProjects/StackExchangeAnalysis/neo4j-community-2.2.0/system/lib/neo4j-server-2.2.0-static-web.jar!/webadmin-html,UNAVAILABLE}
23:48:29.547 [Thread-13] INFO  o.e.j.server.handler.ContextHandler - Stopped o.e.j.s.h.MovedContextHandler@62f61f09{/,null,UNAVAILABLE}
2015-04-08 21:48:29.760+0000 INFO  [API] Successfully shutdown Neo4j Server.
2015-04-08 21:48:33.303+0000 INFO  [API] Successfully stopped database
2015-04-08 21:48:33.303+0000 INFO  [API] Successfully shutdown database.
2015-04-09 10:07:11.082+0000 INFO  [API] Setting startup timeout to: 120000ms based on 120000
2015-04-09 10:07:17.488+0000 INFO  [API] Successfully started database
2015-04-09 10:07:17.813+0000 INFO  [API] Starting HTTP on port :7474 with 4 threads available
2015-04-09 10:07:18.282+0000 INFO  [API] Enabling HTTPS on port :7473
12:07:19.108 [main] INFO  org.eclipse.jetty.util.log - Logging initialized @14113ms
2015-04-09 10:07:19.294+0000 INFO  [API] Mounting static content at [/webadmin] from [webadmin-html]
2015-04-09 10:07:19.456+0000 INFO  [API] Mounting static content at [/browser] from [browser]
12:07:19.476 [main] INFO  org.eclipse.jetty.server.Server - jetty-9.2.4.v20141103
12:07:19.534 [main] INFO  o.e.j.server.handler.ContextHandler - Started o.e.j.s.h.MovedContextHandler@aaf312f{/,null,AVAILABLE}
12:07:19.698 [main] INFO  o.e.j.w.StandardDescriptorProcessor - NO JSP Support for /webadmin, did not find org.apache.jasper.servlet.JspServlet
12:07:19.719 [main] INFO  o.e.j.server.handler.ContextHandler - Started o.e.j.w.WebAppContext@682c3147{/webadmin,jar:file:/home/tihomir/IntellijProjects/StackExchangeAnalysis/neo4j-community-2.2.0/system/lib/neo4j-server-2.2.0-static-web.jar!/webadmin-html,AVAILABLE}
12:07:21.051 [main] INFO  o.e.j.server.handler.ContextHandler - Started o.e.j.s.ServletContextHandler@44b35ca7{/db/manage,null,AVAILABLE}
12:07:21.555 [main] INFO  o.e.j.server.handler.ContextHandler - Started o.e.j.s.ServletContextHandler@edbc97d{/db/data,null,AVAILABLE}
12:07:21.584 [main] INFO  o.e.j.w.StandardDescriptorProcessor - NO JSP Support for /browser, did not find org.apache.jasper.servlet.JspServlet
12:07:21.586 [main] INFO  o.e.j.server.handler.ContextHandler - Started o.e.j.w.WebAppContext@2819a253{/browser,jar:file:/home/tihomir/IntellijProjects/StackExchangeAnalysis/neo4j-community-2.2.0/system/lib/neo4j-browser-2.2.0.jar!/browser,AVAILABLE}
12:07:21.853 [main] INFO  o.e.j.server.handler.ContextHandler - Started o.e.j.s.ServletContextHandler@ba15b{/,null,AVAILABLE}
12:07:21.942 [main] INFO  o.e.jetty.server.ServerConnector - Started ServerConnector@778f933c{HTTP/1.1}{localhost:7474}
12:07:23.021 [main] INFO  o.e.jetty.server.ServerConnector - Started ServerConnector@3cd5c464{SSL-HTTP/1.1}{localhost:7473}
12:07:23.021 [main] INFO  org.eclipse.jetty.server.Server - Started @18038ms
2015-04-09 10:07:23.021+0000 INFO  [API] Server started on: http://localhost:7474/
2015-04-09 10:07:23.022+0000 INFO  [API] Remote interface ready and available at [http://localhost:7474/]
2015-04-09 10:20:46.812+0000 INFO  [API] Neo4j Server shutdown initiated by request
12:20:46.817 [Thread-13] INFO  o.e.jetty.server.ServerConnector - Stopped ServerConnector@778f933c{HTTP/1.1}{localhost:7474}
12:20:46.818 [Thread-13] INFO  o.e.jetty.server.ServerConnector - Stopped ServerConnector@3cd5c464{SSL-HTTP/1.1}{localhost:7473}
12:20:46.845 [Thread-13] INFO  o.e.j.server.handler.ContextHandler - Stopped o.e.j.s.ServletContextHandler@ba15b{/,null,UNAVAILABLE}
12:20:46.849 [Thread-13] INFO  o.e.j.server.handler.ContextHandler - Stopped o.e.j.w.WebAppContext@2819a253{/browser,jar:file:/home/tihomir/IntellijProjects/StackExchangeAnalysis/neo4j-community-2.2.0/system/lib/neo4j-browser-2.2.0.jar!/browser,UNAVAILABLE}
12:20:46.850 [Thread-13] INFO  o.e.j.server.handler.ContextHandler - Stopped o.e.j.s.ServletContextHandler@edbc97d{/db/data,null,UNAVAILABLE}
12:20:46.851 [Thread-13] INFO  o.e.j.server.handler.ContextHandler - Stopped o.e.j.s.ServletContextHandler@44b35ca7{/db/manage,null,UNAVAILABLE}
12:20:46.854 [Thread-13] INFO  o.e.j.server.handler.ContextHandler - Stopped o.e.j.w.WebAppContext@682c3147{/webadmin,jar:file:/home/tihomir/IntellijProjects/StackExchangeAnalysis/neo4j-community-2.2.0/system/lib/neo4j-server-2.2.0-static-web.jar!/webadmin-html,UNAVAILABLE}
12:20:46.855 [Thread-13] INFO  o.e.j.server.handler.ContextHandler - Stopped o.e.j.s.h.MovedContextHandler@aaf312f{/,null,UNAVAILABLE}
2015-04-09 10:20:46.928+0000 INFO  [API] Successfully shutdown Neo4j Server.
2015-04-09 10:20:48.620+0000 INFO  [API] Successfully stopped database
2015-04-09 10:20:48.621+0000 INFO  [API] Successfully shutdown database.
2015-04-09 13:46:32.667+0000 INFO  [API] Setting startup timeout to: 120000ms based on 120000
2015-04-09 13:46:39.350+0000 INFO  [API] Successfully started database
2015-04-09 13:46:39.683+0000 INFO  [API] Starting HTTP on port :7474 with 4 threads available
2015-04-09 13:46:40.247+0000 INFO  [API] Enabling HTTPS on port :7473
15:46:41.045 [main] INFO  org.eclipse.jetty.util.log - Logging initialized @13963ms
2015-04-09 13:46:41.233+0000 INFO  [API] Mounting static content at [/webadmin] from [webadmin-html]
2015-04-09 13:46:41.349+0000 INFO  [API] Mounting static content at [/browser] from [browser]
15:46:41.353 [main] INFO  org.eclipse.jetty.server.Server - jetty-9.2.4.v20141103
15:46:41.431 [main] INFO  o.e.j.server.handler.ContextHandler - Started o.e.j.s.h.MovedContextHandler@7c7fbe6f{/,null,AVAILABLE}
15:46:41.693 [main] INFO  o.e.j.w.StandardDescriptorProcessor - NO JSP Support for /webadmin, did not find org.apache.jasper.servlet.JspServlet
15:46:41.723 [main] INFO  o.e.j.server.handler.ContextHandler - Started o.e.j.w.WebAppContext@528ecc0f{/webadmin,jar:file:/home/tihomir/IntellijProjects/StackExchangeAnalysis/neo4j-community-2.2.0/system/lib/neo4j-server-2.2.0-static-web.jar!/webadmin-html,AVAILABLE}
15:46:43.239 [main] INFO  o.e.j.server.handler.ContextHandler - Started o.e.j.s.ServletContextHandler@3f43b2b0{/db/manage,null,AVAILABLE}
15:46:43.894 [main] INFO  o.e.j.server.handler.ContextHandler - Started o.e.j.s.ServletContextHandler@2e08f81e{/db/data,null,AVAILABLE}
15:46:43.938 [main] INFO  o.e.j.w.StandardDescriptorProcessor - NO JSP Support for /browser, did not find org.apache.jasper.servlet.JspServlet
15:46:43.940 [main] INFO  o.e.j.server.handler.ContextHandler - Started o.e.j.w.WebAppContext@33b39f97{/browser,jar:file:/home/tihomir/IntellijProjects/StackExchangeAnalysis/neo4j-community-2.2.0/system/lib/neo4j-browser-2.2.0.jar!/browser,AVAILABLE}
15:46:44.208 [main] INFO  o.e.j.server.handler.ContextHandler - Started o.e.j.s.ServletContextHandler@48abbb2e{/,null,AVAILABLE}
15:46:44.297 [main] INFO  o.e.jetty.server.ServerConnector - Started ServerConnector@4d3ba64e{HTTP/1.1}{localhost:7474}
15:46:45.396 [main] INFO  o.e.jetty.server.ServerConnector - Started ServerConnector@3d806443{SSL-HTTP/1.1}{localhost:7473}
15:46:45.397 [main] INFO  org.eclipse.jetty.server.Server - Started @18328ms
2015-04-09 13:46:45.397+0000 INFO  [API] Server started on: http://localhost:7474/
2015-04-09 13:46:45.397+0000 INFO  [API] Remote interface ready and available at [http://localhost:7474/]
2015-04-09 13:49:53.455+0000 INFO  [API] Neo4j Server shutdown initiated by request
15:49:54.379 [Thread-13] INFO  o.e.jetty.server.ServerConnector - Stopped ServerConnector@4d3ba64e{HTTP/1.1}{localhost:7474}
15:49:54.380 [Thread-13] INFO  o.e.jetty.server.ServerConnector - Stopped ServerConnector@3d806443{SSL-HTTP/1.1}{localhost:7473}
15:49:54.557 [Thread-13] INFO  o.e.j.server.handler.ContextHandler - Stopped o.e.j.s.ServletContextHandler@48abbb2e{/,null,UNAVAILABLE}
15:49:54.560 [Thread-13] INFO  o.e.j.server.handler.ContextHandler - Stopped o.e.j.w.WebAppContext@33b39f97{/browser,jar:file:/home/tihomir/IntellijProjects/StackExchangeAnalysis/neo4j-community-2.2.0/system/lib/neo4j-browser-2.2.0.jar!/browser,UNAVAILABLE}
15:49:54.900 [Thread-13] INFO  o.e.j.server.handler.ContextHandler - Stopped o.e.j.s.ServletContextHandler@2e08f81e{/db/data,null,UNAVAILABLE}
15:49:54.900 [Thread-13] INFO  o.e.j.server.handler.ContextHandler - Stopped o.e.j.s.ServletContextHandler@3f43b2b0{/db/manage,null,UNAVAILABLE}
15:49:54.901 [Thread-13] INFO  o.e.j.server.handler.ContextHandler - Stopped o.e.j.w.WebAppContext@528ecc0f{/webadmin,jar:file:/home/tihomir/IntellijProjects/StackExchangeAnalysis/neo4j-community-2.2.0/system/lib/neo4j-server-2.2.0-static-web.jar!/webadmin-html,UNAVAILABLE}
15:49:54.933 [Thread-13] INFO  o.e.j.server.handler.ContextHandler - Stopped o.e.j.s.h.MovedContextHandler@7c7fbe6f{/,null,UNAVAILABLE}
2015-04-09 13:49:55.193+0000 INFO  [API] Successfully shutdown Neo4j Server.
2015-04-09 13:50:21.195+0000 INFO  [API] Successfully stopped database
2015-04-09 13:50:21.266+0000 INFO  [API] Successfully shutdown database.
2015-04-09 14:01:44.473+0000 INFO  [API] Setting startup timeout to: 120000ms based on 120000
2015-04-09 14:01:48.932+0000 INFO  [API] Successfully started database
2015-04-09 14:01:49.228+0000 INFO  [API] Starting HTTP on port :7474 with 4 threads available
2015-04-09 14:01:49.630+0000 INFO  [API] Enabling HTTPS on port :7473
16:01:50.013 [main] INFO  org.eclipse.jetty.util.log - Logging initialized @11294ms
2015-04-09 14:01:50.228+0000 INFO  [API] Mounting static content at [/webadmin] from [webadmin-html]
2015-04-09 14:01:50.799+0000 INFO  [API] Mounting static content at [/browser] from [browser]
16:01:51.287 [main] INFO  org.eclipse.jetty.server.Server - jetty-9.2.4.v20141103
16:01:51.370 [main] INFO  o.e.j.server.handler.ContextHandler - Started o.e.j.s.h.MovedContextHandler@7c7fbe6f{/,null,AVAILABLE}
16:01:51.565 [main] INFO  o.e.j.w.StandardDescriptorProcessor - NO JSP Support for /webadmin, did not find org.apache.jasper.servlet.JspServlet
16:01:51.584 [main] INFO  o.e.j.server.handler.ContextHandler - Started o.e.j.w.WebAppContext@528ecc0f{/webadmin,jar:file:/home/tihomir/IntellijProjects/StackExchangeAnalysis/neo4j-community-2.2.0/system/lib/neo4j-server-2.2.0-static-web.jar!/webadmin-html,AVAILABLE}
16:01:52.560 [main] INFO  o.e.j.server.handler.ContextHandler - Started o.e.j.s.ServletContextHandler@3f43b2b0{/db/manage,null,AVAILABLE}
16:01:52.902 [main] INFO  o.e.j.server.handler.ContextHandler - Started o.e.j.s.ServletContextHandler@2e08f81e{/db/data,null,AVAILABLE}
16:01:52.927 [main] INFO  o.e.j.w.StandardDescriptorProcessor - NO JSP Support for /browser, did not find org.apache.jasper.servlet.JspServlet
16:01:52.928 [main] INFO  o.e.j.server.handler.ContextHandler - Started o.e.j.w.WebAppContext@33b39f97{/browser,jar:file:/home/tihomir/IntellijProjects/StackExchangeAnalysis/neo4j-community-2.2.0/system/lib/neo4j-browser-2.2.0.jar!/browser,AVAILABLE}
16:01:53.090 [main] INFO  o.e.j.server.handler.ContextHandler - Started o.e.j.s.ServletContextHandler@48abbb2e{/,null,AVAILABLE}
16:01:53.137 [main] INFO  o.e.jetty.server.ServerConnector - Started ServerConnector@5b6428b3{HTTP/1.1}{localhost:7474}
16:01:53.955 [main] INFO  o.e.jetty.server.ServerConnector - Started ServerConnector@7a58dc17{SSL-HTTP/1.1}{localhost:7473}
16:01:53.955 [main] INFO  org.eclipse.jetty.server.Server - Started @15244ms
2015-04-09 14:01:53.955+0000 INFO  [API] Server started on: http://localhost:7474/
2015-04-09 14:01:53.956+0000 INFO  [API] Remote interface ready and available at [http://localhost:7474/]
2015-04-09 14:04:28.490+0000 INFO  [API] Neo4j Server shutdown initiated by request
16:04:28.496 [Thread-13] INFO  o.e.jetty.server.ServerConnector - Stopped ServerConnector@5b6428b3{HTTP/1.1}{localhost:7474}
16:04:28.496 [Thread-13] INFO  o.e.jetty.server.ServerConnector - Stopped ServerConnector@7a58dc17{SSL-HTTP/1.1}{localhost:7473}
16:04:28.498 [Thread-13] INFO  o.e.j.server.handler.ContextHandler - Stopped o.e.j.s.ServletContextHandler@48abbb2e{/,null,UNAVAILABLE}
16:04:28.500 [Thread-13] INFO  o.e.j.server.handler.ContextHandler - Stopped o.e.j.w.WebAppContext@33b39f97{/browser,jar:file:/home/tihomir/IntellijProjects/StackExchangeAnalysis/neo4j-community-2.2.0/system/lib/neo4j-browser-2.2.0.jar!/browser,UNAVAILABLE}
16:04:28.501 [Thread-13] INFO  o.e.j.server.handler.ContextHandler - Stopped o.e.j.s.ServletContextHandler@2e08f81e{/db/data,null,UNAVAILABLE}
16:04:28.501 [Thread-13] INFO  o.e.j.server.handler.ContextHandler - Stopped o.e.j.s.ServletContextHandler@3f43b2b0{/db/manage,null,UNAVAILABLE}
16:04:28.503 [Thread-13] INFO  o.e.j.server.handler.ContextHandler - Stopped o.e.j.w.WebAppContext@528ecc0f{/webadmin,jar:file:/home/tihomir/IntellijProjects/StackExchangeAnalysis/neo4j-community-2.2.0/system/lib/neo4j-server-2.2.0-static-web.jar!/webadmin-html,UNAVAILABLE}
16:04:28.504 [Thread-13] INFO  o.e.j.server.handler.ContextHandler - Stopped o.e.j.s.h.MovedContextHandler@7c7fbe6f{/,null,UNAVAILABLE}
2015-04-09 14:04:28.624+0000 INFO  [API] Successfully shutdown Neo4j Server.
2015-04-09 14:04:35.501+0000 INFO  [API] Successfully stopped database
2015-04-09 14:04:35.501+0000 INFO  [API] Successfully shutdown database.
2015-04-09 14:09:50.530+0000 INFO  [API] Setting startup timeout to: 120000ms based on 120000
2015-04-09 14:09:53.201+0000 INFO  [API] Successfully started database
2015-04-09 14:09:53.263+0000 INFO  [API] Starting HTTP on port :7474 with 4 threads available
2015-04-09 14:09:53.451+0000 INFO  [API] Enabling HTTPS on port :7473
16:09:53.746 [main] INFO  org.eclipse.jetty.util.log - Logging initialized @4239ms
2015-04-09 14:09:53.805+0000 INFO  [API] Mounting static content at [/webadmin] from [webadmin-html]
2015-04-09 14:09:53.866+0000 INFO  [API] Mounting static content at [/browser] from [browser]
16:09:53.869 [main] INFO  org.eclipse.jetty.server.Server - jetty-9.2.4.v20141103
16:09:53.891 [main] INFO  o.e.j.server.handler.ContextHandler - Started o.e.j.s.h.MovedContextHandler@3a9324ec{/,null,AVAILABLE}
16:09:53.995 [main] INFO  o.e.j.w.StandardDescriptorProcessor - NO JSP Support for /webadmin, did not find org.apache.jasper.servlet.JspServlet
16:09:54.019 [main] INFO  o.e.j.server.handler.ContextHandler - Started o.e.j.w.WebAppContext@50da386a{/webadmin,jar:file:/home/tihomir/IntellijProjects/StackExchangeAnalysis/neo4j-community-2.2.0/system/lib/neo4j-server-2.2.0-static-web.jar!/webadmin-html,AVAILABLE}
16:09:54.598 [main] INFO  o.e.j.server.handler.ContextHandler - Started o.e.j.s.ServletContextHandler@25f45fd5{/db/manage,null,AVAILABLE}
16:09:54.974 [main] INFO  o.e.j.server.handler.ContextHandler - Started o.e.j.s.ServletContextHandler@5464b8f6{/db/data,null,AVAILABLE}
16:09:55.001 [main] INFO  o.e.j.w.StandardDescriptorProcessor - NO JSP Support for /browser, did not find org.apache.jasper.servlet.JspServlet
16:09:55.002 [main] INFO  o.e.j.server.handler.ContextHandler - Started o.e.j.w.WebAppContext@1e705b3a{/browser,jar:file:/home/tihomir/IntellijProjects/StackExchangeAnalysis/neo4j-community-2.2.0/system/lib/neo4j-browser-2.2.0.jar!/browser,AVAILABLE}
16:09:55.174 [main] INFO  o.e.j.server.handler.ContextHandler - Started o.e.j.s.ServletContextHandler@24ebaf18{/,null,AVAILABLE}
16:09:55.187 [main] INFO  o.e.jetty.server.ServerConnector - Started ServerConnector@a289eb4{HTTP/1.1}{localhost:7474}
16:09:55.842 [main] INFO  o.e.jetty.server.ServerConnector - Started ServerConnector@2267e36{SSL-HTTP/1.1}{localhost:7473}
16:09:55.842 [main] INFO  org.eclipse.jetty.server.Server - Started @6342ms
2015-04-09 14:09:55.843+0000 INFO  [API] Server started on: http://localhost:7474/
2015-04-09 14:09:55.843+0000 INFO  [API] Remote interface ready and available at [http://localhost:7474/]
2015-04-09 14:11:50.133+0000 INFO  [API] Neo4j Server shutdown initiated by request
16:11:50.143 [Thread-13] INFO  o.e.jetty.server.ServerConnector - Stopped ServerConnector@a289eb4{HTTP/1.1}{localhost:7474}
16:11:50.147 [Thread-13] INFO  o.e.jetty.server.ServerConnector - Stopped ServerConnector@2267e36{SSL-HTTP/1.1}{localhost:7473}
16:11:50.149 [Thread-13] INFO  o.e.j.server.handler.ContextHandler - Stopped o.e.j.s.ServletContextHandler@24ebaf18{/,null,UNAVAILABLE}
16:11:50.151 [Thread-13] INFO  o.e.j.server.handler.ContextHandler - Stopped o.e.j.w.WebAppContext@1e705b3a{/browser,jar:file:/home/tihomir/IntellijProjects/StackExchangeAnalysis/neo4j-community-2.2.0/system/lib/neo4j-browser-2.2.0.jar!/browser,UNAVAILABLE}
16:11:50.152 [Thread-13] INFO  o.e.j.server.handler.ContextHandler - Stopped o.e.j.s.ServletContextHandler@5464b8f6{/db/data,null,UNAVAILABLE}
16:11:50.152 [Thread-13] INFO  o.e.j.server.handler.ContextHandler - Stopped o.e.j.s.ServletContextHandler@25f45fd5{/db/manage,null,UNAVAILABLE}
16:11:50.153 [Thread-13] INFO  o.e.j.server.handler.ContextHandler - Stopped o.e.j.w.WebAppContext@50da386a{/webadmin,jar:file:/home/tihomir/IntellijProjects/StackExchangeAnalysis/neo4j-community-2.2.0/system/lib/neo4j-server-2.2.0-static-web.jar!/webadmin-html,UNAVAILABLE}
16:11:50.154 [Thread-13] INFO  o.e.j.server.handler.ContextHandler - Stopped o.e.j.s.h.MovedContextHandler@3a9324ec{/,null,UNAVAILABLE}
2015-04-09 14:11:50.223+0000 INFO  [API] Successfully shutdown Neo4j Server.
2015-04-09 14:11:51.679+0000 INFO  [API] Successfully stopped database
2015-04-09 14:11:51.679+0000 INFO  [API] Successfully shutdown database.
2015-04-09 15:46:52.531+0000 INFO  [API] Setting startup timeout to: 120000ms based on 120000
2015-04-09 15:46:58.518+0000 INFO  [API] Successfully started database
2015-04-09 15:46:58.810+0000 INFO  [API] Starting HTTP on port :7474 with 4 threads available
2015-04-09 15:46:59.235+0000 INFO  [API] Enabling HTTPS on port :7473
17:46:59.990 [main] INFO  org.eclipse.jetty.util.log - Logging initialized @12327ms
2015-04-09 15:47:00.173+0000 INFO  [API] Mounting static content at [/webadmin] from [webadmin-html]
2015-04-09 15:47:00.301+0000 INFO  [API] Mounting static content at [/browser] from [browser]
17:47:00.305 [main] INFO  org.eclipse.jetty.server.Server - jetty-9.2.4.v20141103
17:47:00.329 [main] INFO  o.e.j.server.handler.ContextHandler - Started o.e.j.s.h.MovedContextHandler@3a9324ec{/,null,AVAILABLE}
17:47:00.509 [main] INFO  o.e.j.w.StandardDescriptorProcessor - NO JSP Support for /webadmin, did not find org.apache.jasper.servlet.JspServlet
17:47:00.529 [main] INFO  o.e.j.server.handler.ContextHandler - Started o.e.j.w.WebAppContext@50da386a{/webadmin,jar:file:/home/tihomir/IntellijProjects/StackExchangeAnalysis/neo4j-community-2.2.0/system/lib/neo4j-server-2.2.0-static-web.jar!/webadmin-html,AVAILABLE}
17:47:01.602 [main] INFO  o.e.j.server.handler.ContextHandler - Started o.e.j.s.ServletContextHandler@25f45fd5{/db/manage,null,AVAILABLE}
17:47:01.950 [main] INFO  o.e.j.server.handler.ContextHandler - Started o.e.j.s.ServletContextHandler@5464b8f6{/db/data,null,AVAILABLE}
17:47:01.984 [main] INFO  o.e.j.w.StandardDescriptorProcessor - NO JSP Support for /browser, did not find org.apache.jasper.servlet.JspServlet
17:47:01.986 [main] INFO  o.e.j.server.handler.ContextHandler - Started o.e.j.w.WebAppContext@1e705b3a{/browser,jar:file:/home/tihomir/IntellijProjects/StackExchangeAnalysis/neo4j-community-2.2.0/system/lib/neo4j-browser-2.2.0.jar!/browser,AVAILABLE}
17:47:02.119 [main] INFO  o.e.j.server.handler.ContextHandler - Started o.e.j.s.ServletContextHandler@24ebaf18{/,null,AVAILABLE}
17:47:02.183 [main] INFO  o.e.jetty.server.ServerConnector - Started ServerConnector@a289eb4{HTTP/1.1}{localhost:7474}
17:47:03.007 [main] INFO  o.e.jetty.server.ServerConnector - Started ServerConnector@2267e36{SSL-HTTP/1.1}{localhost:7473}
17:47:03.007 [main] INFO  org.eclipse.jetty.server.Server - Started @15350ms
2015-04-09 15:47:03.008+0000 INFO  [API] Server started on: http://localhost:7474/
2015-04-09 15:47:03.008+0000 INFO  [API] Remote interface ready and available at [http://localhost:7474/]
2015-04-09 15:51:32.884+0000 INFO  [API] Neo4j Server shutdown initiated by request
17:51:32.896 [Thread-13] INFO  o.e.jetty.server.ServerConnector - Stopped ServerConnector@a289eb4{HTTP/1.1}{localhost:7474}
17:51:32.897 [Thread-13] INFO  o.e.jetty.server.ServerConnector - Stopped ServerConnector@2267e36{SSL-HTTP/1.1}{localhost:7473}
17:51:32.899 [Thread-13] INFO  o.e.j.server.handler.ContextHandler - Stopped o.e.j.s.ServletContextHandler@24ebaf18{/,null,UNAVAILABLE}
17:51:32.903 [Thread-13] INFO  o.e.j.server.handler.ContextHandler - Stopped o.e.j.w.WebAppContext@1e705b3a{/browser,jar:file:/home/tihomir/IntellijProjects/StackExchangeAnalysis/neo4j-community-2.2.0/system/lib/neo4j-browser-2.2.0.jar!/browser,UNAVAILABLE}
17:51:32.904 [Thread-13] INFO  o.e.j.server.handler.ContextHandler - Stopped o.e.j.s.ServletContextHandler@5464b8f6{/db/data,null,UNAVAILABLE}
17:51:32.904 [Thread-13] INFO  o.e.j.server.handler.ContextHandler - Stopped o.e.j.s.ServletContextHandler@25f45fd5{/db/manage,null,UNAVAILABLE}
17:51:32.906 [Thread-13] INFO  o.e.j.server.handler.ContextHandler - Stopped o.e.j.w.WebAppContext@50da386a{/webadmin,jar:file:/home/tihomir/IntellijProjects/StackExchangeAnalysis/neo4j-community-2.2.0/system/lib/neo4j-server-2.2.0-static-web.jar!/webadmin-html,UNAVAILABLE}
17:51:32.907 [Thread-13] INFO  o.e.j.server.handler.ContextHandler - Stopped o.e.j.s.h.MovedContextHandler@3a9324ec{/,null,UNAVAILABLE}
2015-04-09 15:51:33.040+0000 INFO  [API] Successfully shutdown Neo4j Server.
2015-04-09 15:51:34.996+0000 INFO  [API] Successfully stopped database
2015-04-09 15:51:34.997+0000 INFO  [API] Successfully shutdown database.
2015-04-09 15:58:35.938+0000 INFO  [API] Setting startup timeout to: 120000ms based on 120000
Detected incorrectly shut down database, performing recovery..
2015-04-09 15:58:46.004+0000 INFO  [API] Successfully started database
2015-04-09 15:58:46.088+0000 INFO  [API] Starting HTTP on port :7474 with 4 threads available
2015-04-09 15:58:46.361+0000 INFO  [API] Enabling HTTPS on port :7473
17:58:46.519 [main] INFO  org.eclipse.jetty.util.log - Logging initialized @11576ms
2015-04-09 15:58:46.585+0000 INFO  [API] Mounting static content at [/webadmin] from [webadmin-html]
2015-04-09 15:58:46.642+0000 INFO  [API] Mounting static content at [/browser] from [browser]
17:58:46.646 [main] INFO  org.eclipse.jetty.server.Server - jetty-9.2.4.v20141103
17:58:46.675 [main] INFO  o.e.j.server.handler.ContextHandler - Started o.e.j.s.h.MovedContextHandler@2bf501fa{/,null,AVAILABLE}
17:58:46.803 [main] INFO  o.e.j.w.StandardDescriptorProcessor - NO JSP Support for /webadmin, did not find org.apache.jasper.servlet.JspServlet
17:58:46.820 [main] INFO  o.e.j.server.handler.ContextHandler - Started o.e.j.w.WebAppContext@78def222{/webadmin,jar:file:/home/tihomir/IntellijProjects/StackExchangeAnalysis/neo4j-community-2.2.0/system/lib/neo4j-server-2.2.0-static-web.jar!/webadmin-html,AVAILABLE}
17:58:47.480 [main] INFO  o.e.j.server.handler.ContextHandler - Started o.e.j.s.ServletContextHandler@5e0c5087{/db/manage,null,AVAILABLE}
17:58:47.873 [main] INFO  o.e.j.server.handler.ContextHandler - Started o.e.j.s.ServletContextHandler@166ff9d1{/db/data,null,AVAILABLE}
17:58:47.900 [main] INFO  o.e.j.w.StandardDescriptorProcessor - NO JSP Support for /browser, did not find org.apache.jasper.servlet.JspServlet
17:58:47.902 [main] INFO  o.e.j.server.handler.ContextHandler - Started o.e.j.w.WebAppContext@52d391b7{/browser,jar:file:/home/tihomir/IntellijProjects/StackExchangeAnalysis/neo4j-community-2.2.0/system/lib/neo4j-browser-2.2.0.jar!/browser,AVAILABLE}
17:58:48.044 [main] INFO  o.e.j.server.handler.ContextHandler - Started o.e.j.s.ServletContextHandler@1e3db894{/,null,AVAILABLE}
17:58:48.056 [main] INFO  o.e.jetty.server.ServerConnector - Started ServerConnector@641e7e6e{HTTP/1.1}{localhost:7474}
17:58:48.603 [main] INFO  o.e.jetty.server.ServerConnector - Started ServerConnector@3674ea00{SSL-HTTP/1.1}{localhost:7473}
17:58:48.604 [main] INFO  org.eclipse.jetty.server.Server - Started @13669ms
2015-04-09 15:58:48.604+0000 INFO  [API] Server started on: http://localhost:7474/
2015-04-09 15:58:48.604+0000 INFO  [API] Remote interface ready and available at [http://localhost:7474/]
2015-04-09 15:59:08.792+0000 INFO  [API] Neo4j Server shutdown initiated by request
17:59:08.805 [Thread-14] INFO  o.e.jetty.server.ServerConnector - Stopped ServerConnector@641e7e6e{HTTP/1.1}{localhost:7474}
17:59:08.806 [Thread-14] INFO  o.e.jetty.server.ServerConnector - Stopped ServerConnector@3674ea00{SSL-HTTP/1.1}{localhost:7473}
17:59:08.808 [Thread-14] INFO  o.e.j.server.handler.ContextHandler - Stopped o.e.j.s.ServletContextHandler@1e3db894{/,null,UNAVAILABLE}
17:59:08.810 [Thread-14] INFO  o.e.j.server.handler.ContextHandler - Stopped o.e.j.w.WebAppContext@52d391b7{/browser,jar:file:/home/tihomir/IntellijProjects/StackExchangeAnalysis/neo4j-community-2.2.0/system/lib/neo4j-browser-2.2.0.jar!/browser,UNAVAILABLE}
17:59:08.811 [Thread-14] INFO  o.e.j.server.handler.ContextHandler - Stopped o.e.j.s.ServletContextHandler@166ff9d1{/db/data,null,UNAVAILABLE}
17:59:08.811 [Thread-14] INFO  o.e.j.server.handler.ContextHandler - Stopped o.e.j.s.ServletContextHandler@5e0c5087{/db/manage,null,UNAVAILABLE}
17:59:08.812 [Thread-14] INFO  o.e.j.server.handler.ContextHandler - Stopped o.e.j.w.WebAppContext@78def222{/webadmin,jar:file:/home/tihomir/IntellijProjects/StackExchangeAnalysis/neo4j-community-2.2.0/system/lib/neo4j-server-2.2.0-static-web.jar!/webadmin-html,UNAVAILABLE}
17:59:08.813 [Thread-14] INFO  o.e.j.server.handler.ContextHandler - Stopped o.e.j.s.h.MovedContextHandler@2bf501fa{/,null,UNAVAILABLE}
2015-04-09 15:59:08.875+0000 INFO  [API] Successfully shutdown Neo4j Server.
2015-04-09 15:59:10.411+0000 INFO  [API] Successfully stopped database
2015-04-09 15:59:10.412+0000 INFO  [API] Successfully shutdown database.
2015-04-09 16:03:38.175+0000 INFO  [API] Setting startup timeout to: 120000ms based on 120000
2015-04-09 16:03:40.154+0000 INFO  [API] Successfully started database
2015-04-09 16:03:40.240+0000 INFO  [API] Starting HTTP on port :7474 with 4 threads available
2015-04-09 16:03:40.493+0000 INFO  [API] Enabling HTTPS on port :7473
18:03:40.630 [main] INFO  org.eclipse.jetty.util.log - Logging initialized @3420ms
2015-04-09 16:03:40.679+0000 INFO  [API] Mounting static content at [/webadmin] from [webadmin-html]
2015-04-09 16:03:40.735+0000 INFO  [API] Mounting static content at [/browser] from [browser]
18:03:40.738 [main] INFO  org.eclipse.jetty.server.Server - jetty-9.2.4.v20141103
18:03:40.761 [main] INFO  o.e.j.server.handler.ContextHandler - Started o.e.j.s.h.MovedContextHandler@78269d32{/,null,AVAILABLE}
18:03:40.865 [main] INFO  o.e.j.w.StandardDescriptorProcessor - NO JSP Support for /webadmin, did not find org.apache.jasper.servlet.JspServlet
18:03:40.884 [main] INFO  o.e.j.server.handler.ContextHandler - Started o.e.j.w.WebAppContext@20aad0be{/webadmin,jar:file:/home/tihomir/IntellijProjects/StackExchangeAnalysis/neo4j-community-2.2.0/system/lib/neo4j-server-2.2.0-static-web.jar!/webadmin-html,AVAILABLE}
18:03:41.485 [main] INFO  o.e.j.server.handler.ContextHandler - Started o.e.j.s.ServletContextHandler@5c7cbde4{/db/manage,null,AVAILABLE}
18:03:41.885 [main] INFO  o.e.j.server.handler.ContextHandler - Started o.e.j.s.ServletContextHandler@1ea6ce31{/db/data,null,AVAILABLE}
18:03:41.912 [main] INFO  o.e.j.w.StandardDescriptorProcessor - NO JSP Support for /browser, did not find org.apache.jasper.servlet.JspServlet
18:03:41.913 [main] INFO  o.e.j.server.handler.ContextHandler - Started o.e.j.w.WebAppContext@5464b8f6{/browser,jar:file:/home/tihomir/IntellijProjects/StackExchangeAnalysis/neo4j-community-2.2.0/system/lib/neo4j-browser-2.2.0.jar!/browser,AVAILABLE}
18:03:42.062 [main] INFO  o.e.j.server.handler.ContextHandler - Started o.e.j.s.ServletContextHandler@4ee8591a{/,null,AVAILABLE}
18:03:42.073 [main] INFO  o.e.jetty.server.ServerConnector - Started ServerConnector@7f8bf744{HTTP/1.1}{localhost:7474}
18:03:42.619 [main] INFO  o.e.jetty.server.ServerConnector - Started ServerConnector@c268037{SSL-HTTP/1.1}{localhost:7473}
18:03:42.621 [main] INFO  org.eclipse.jetty.server.Server - Started @5417ms
2015-04-09 16:03:42.621+0000 INFO  [API] Server started on: http://localhost:7474/
2015-04-09 16:03:42.621+0000 INFO  [API] Remote interface ready and available at [http://localhost:7474/]
2015-04-09 18:08:56.807+0000 INFO  [API] Neo4j Server shutdown initiated by request
20:08:57.174 [Thread-13] INFO  o.e.jetty.server.ServerConnector - Stopped ServerConnector@7f8bf744{HTTP/1.1}{localhost:7474}
20:08:57.176 [Thread-13] INFO  o.e.jetty.server.ServerConnector - Stopped ServerConnector@c268037{SSL-HTTP/1.1}{localhost:7473}
20:08:57.178 [Thread-13] INFO  o.e.j.server.handler.ContextHandler - Stopped o.e.j.s.ServletContextHandler@4ee8591a{/,null,UNAVAILABLE}
20:08:57.180 [Thread-13] INFO  o.e.j.server.handler.ContextHandler - Stopped o.e.j.w.WebAppContext@5464b8f6{/browser,jar:file:/home/tihomir/IntellijProjects/StackExchangeAnalysis/neo4j-community-2.2.0/system/lib/neo4j-browser-2.2.0.jar!/browser,UNAVAILABLE}
20:08:57.232 [Thread-13] INFO  o.e.j.server.handler.ContextHandler - Stopped o.e.j.s.ServletContextHandler@1ea6ce31{/db/data,null,UNAVAILABLE}
20:08:57.232 [Thread-13] INFO  o.e.j.server.handler.ContextHandler - Stopped o.e.j.s.ServletContextHandler@5c7cbde4{/db/manage,null,UNAVAILABLE}
20:08:57.233 [Thread-13] INFO  o.e.j.server.handler.ContextHandler - Stopped o.e.j.w.WebAppContext@20aad0be{/webadmin,jar:file:/home/tihomir/IntellijProjects/StackExchangeAnalysis/neo4j-community-2.2.0/system/lib/neo4j-server-2.2.0-static-web.jar!/webadmin-html,UNAVAILABLE}
20:08:57.233 [Thread-13] INFO  o.e.j.server.handler.ContextHandler - Stopped o.e.j.s.h.MovedContextHandler@78269d32{/,null,UNAVAILABLE}
2015-04-09 18:08:57.359+0000 INFO  [API] Successfully shutdown Neo4j Server.
2015-04-09 18:08:59.513+0000 INFO  [API] Successfully stopped database
2015-04-09 18:08:59.514+0000 INFO  [API] Successfully shutdown database.
2015-04-09 19:04:46.327+0000 INFO  [API] Setting startup timeout to: 120000ms based on 120000
2015-04-09 19:04:53.871+0000 INFO  [API] Successfully started database
2015-04-09 19:04:54.483+0000 INFO  [API] Starting HTTP on port :7474 with 4 threads available
2015-04-09 19:04:55.083+0000 INFO  [API] Enabling HTTPS on port :7473
21:04:55.634 [main] INFO  org.eclipse.jetty.util.log - Logging initialized @13109ms
2015-04-09 19:04:55.856+0000 INFO  [API] Mounting static content at [/webadmin] from [webadmin-html]
2015-04-09 19:04:56.047+0000 INFO  [API] Mounting static content at [/browser] from [browser]
21:04:56.053 [main] INFO  org.eclipse.jetty.server.Server - jetty-9.2.4.v20141103
21:04:56.114 [main] INFO  o.e.j.server.handler.ContextHandler - Started o.e.j.s.h.MovedContextHandler@78269d32{/,null,AVAILABLE}
21:04:56.352 [main] INFO  o.e.j.w.StandardDescriptorProcessor - NO JSP Support for /webadmin, did not find org.apache.jasper.servlet.JspServlet
21:04:56.391 [main] INFO  o.e.j.server.handler.ContextHandler - Started o.e.j.w.WebAppContext@20aad0be{/webadmin,jar:file:/home/tihomir/IntellijProjects/StackExchangeAnalysis/neo4j-community-2.2.0/system/lib/neo4j-server-2.2.0-static-web.jar!/webadmin-html,AVAILABLE}
21:04:57.697 [main] INFO  o.e.j.server.handler.ContextHandler - Started o.e.j.s.ServletContextHandler@5c7cbde4{/db/manage,null,AVAILABLE}
21:04:58.224 [main] INFO  o.e.j.server.handler.ContextHandler - Started o.e.j.s.ServletContextHandler@1ea6ce31{/db/data,null,AVAILABLE}
21:04:58.261 [main] INFO  o.e.j.w.StandardDescriptorProcessor - NO JSP Support for /browser, did not find org.apache.jasper.servlet.JspServlet
21:04:58.263 [main] INFO  o.e.j.server.handler.ContextHandler - Started o.e.j.w.WebAppContext@5464b8f6{/browser,jar:file:/home/tihomir/IntellijProjects/StackExchangeAnalysis/neo4j-community-2.2.0/system/lib/neo4j-browser-2.2.0.jar!/browser,AVAILABLE}
21:04:58.501 [main] INFO  o.e.j.server.handler.ContextHandler - Started o.e.j.s.ServletContextHandler@4ee8591a{/,null,AVAILABLE}
21:04:58.589 [main] INFO  o.e.jetty.server.ServerConnector - Started ServerConnector@1a99fbca{HTTP/1.1}{localhost:7474}
21:04:59.615 [main] INFO  o.e.jetty.server.ServerConnector - Started ServerConnector@73382e73{SSL-HTTP/1.1}{localhost:7473}
21:04:59.615 [main] INFO  org.eclipse.jetty.server.Server - Started @17097ms
2015-04-09 19:04:59.615+0000 INFO  [API] Server started on: http://localhost:7474/
2015-04-09 19:04:59.616+0000 INFO  [API] Remote interface ready and available at [http://localhost:7474/]
2015-04-09 19:18:51.703+0000 INFO  [API] Neo4j Server shutdown initiated by request
21:18:51.993 [Thread-13] INFO  o.e.jetty.server.ServerConnector - Stopped ServerConnector@1a99fbca{HTTP/1.1}{localhost:7474}
21:18:51.994 [Thread-13] INFO  o.e.jetty.server.ServerConnector - Stopped ServerConnector@73382e73{SSL-HTTP/1.1}{localhost:7473}
21:18:52.008 [Thread-13] INFO  o.e.j.server.handler.ContextHandler - Stopped o.e.j.s.ServletContextHandler@4ee8591a{/,null,UNAVAILABLE}
21:18:52.011 [Thread-13] INFO  o.e.j.server.handler.ContextHandler - Stopped o.e.j.w.WebAppContext@5464b8f6{/browser,jar:file:/home/tihomir/IntellijProjects/StackExchangeAnalysis/neo4j-community-2.2.0/system/lib/neo4j-browser-2.2.0.jar!/browser,UNAVAILABLE}
21:18:52.048 [Thread-13] INFO  o.e.j.server.handler.ContextHandler - Stopped o.e.j.s.ServletContextHandler@1ea6ce31{/db/data,null,UNAVAILABLE}
21:18:52.049 [Thread-13] INFO  o.e.j.server.handler.ContextHandler - Stopped o.e.j.s.ServletContextHandler@5c7cbde4{/db/manage,null,UNAVAILABLE}
21:18:52.050 [Thread-13] INFO  o.e.j.server.handler.ContextHandler - Stopped o.e.j.w.WebAppContext@20aad0be{/webadmin,jar:file:/home/tihomir/IntellijProjects/StackExchangeAnalysis/neo4j-community-2.2.0/system/lib/neo4j-server-2.2.0-static-web.jar!/webadmin-html,UNAVAILABLE}
21:18:52.102 [Thread-13] INFO  o.e.j.server.handler.ContextHandler - Stopped o.e.j.s.h.MovedContextHandler@78269d32{/,null,UNAVAILABLE}
2015-04-09 19:18:52.264+0000 INFO  [API] Successfully shutdown Neo4j Server.
2015-04-09 19:18:54.901+0000 INFO  [API] Successfully stopped database
2015-04-09 19:18:54.902+0000 INFO  [API] Successfully shutdown database.
2015-04-09 23:45:55.605+0000 INFO  [API] Setting startup timeout to: 120000ms based on 120000
2015-04-09 23:46:18.375+0000 INFO  [API] Successfully started database
2015-04-09 23:46:19.551+0000 INFO  [API] Starting HTTP on port :7474 with 4 threads available
2015-04-09 23:46:19.994+0000 INFO  [API] Enabling HTTPS on port :7473
01:46:20.466 [main] INFO  org.eclipse.jetty.util.log - Logging initialized @31087ms
2015-04-09 23:46:20.691+0000 INFO  [API] Mounting static content at [/webadmin] from [webadmin-html]
2015-04-09 23:46:20.821+0000 INFO  [API] Mounting static content at [/browser] from [browser]
01:46:20.828 [main] INFO  org.eclipse.jetty.server.Server - jetty-9.2.4.v20141103
01:46:20.862 [main] INFO  o.e.j.server.handler.ContextHandler - Started o.e.j.s.h.MovedContextHandler@78269d32{/,null,AVAILABLE}
01:46:21.061 [main] INFO  o.e.j.w.StandardDescriptorProcessor - NO JSP Support for /webadmin, did not find org.apache.jasper.servlet.JspServlet
01:46:21.093 [main] INFO  o.e.j.server.handler.ContextHandler - Started o.e.j.w.WebAppContext@20aad0be{/webadmin,jar:file:/home/tihomir/IntellijProjects/StackExchangeAnalysis/neo4j-community-2.2.0/system/lib/neo4j-server-2.2.0-static-web.jar!/webadmin-html,AVAILABLE}
01:46:22.413 [main] INFO  o.e.j.server.handler.ContextHandler - Started o.e.j.s.ServletContextHandler@5c7cbde4{/db/manage,null,AVAILABLE}
01:46:22.897 [main] INFO  o.e.j.server.handler.ContextHandler - Started o.e.j.s.ServletContextHandler@1ea6ce31{/db/data,null,AVAILABLE}
01:46:22.928 [main] INFO  o.e.j.w.StandardDescriptorProcessor - NO JSP Support for /browser, did not find org.apache.jasper.servlet.JspServlet
01:46:22.930 [main] INFO  o.e.j.server.handler.ContextHandler - Started o.e.j.w.WebAppContext@5464b8f6{/browser,jar:file:/home/tihomir/IntellijProjects/StackExchangeAnalysis/neo4j-community-2.2.0/system/lib/neo4j-browser-2.2.0.jar!/browser,AVAILABLE}
01:46:23.122 [main] INFO  o.e.j.server.handler.ContextHandler - Started o.e.j.s.ServletContextHandler@4ee8591a{/,null,AVAILABLE}
01:46:23.226 [main] INFO  o.e.jetty.server.ServerConnector - Started ServerConnector@5f1bde8{HTTP/1.1}{localhost:7474}
01:46:24.156 [main] INFO  o.e.jetty.server.ServerConnector - Started ServerConnector@c268037{SSL-HTTP/1.1}{localhost:7473}
01:46:24.156 [main] INFO  org.eclipse.jetty.server.Server - Started @34792ms
2015-04-09 23:46:24.157+0000 INFO  [API] Server started on: http://localhost:7474/
2015-04-09 23:46:24.157+0000 INFO  [API] Remote interface ready and available at [http://localhost:7474/]
