Apr 08, 2015 2:49:07 PM com.sun.jersey.server.impl.application.WebApplicationImpl _initiate
INFO: Initiating Jersey application, version 'Jersey: 1.18.1 02/19/2014 03:28 AM'
Apr 08, 2015 2:49:08 PM com.sun.jersey.server.impl.application.WebApplicationImpl _initiate
INFO: Initiating Jersey application, version 'Jersey: 1.18.1 02/19/2014 03:28 AM'
Apr 08, 2015 2:49:09 PM com.sun.jersey.server.impl.application.WebApplicationImpl _initiate
INFO: Initiating Jersey application, version 'Jersey: 1.18.1 02/19/2014 03:28 AM'
Apr 08, 2015 4:41:05 PM com.sun.jersey.server.impl.application.WebApplicationImpl _initiate
INFO: Initiating Jersey application, version 'Jersey: 1.18.1 02/19/2014 03:28 AM'
Apr 08, 2015 4:41:06 PM com.sun.jersey.server.impl.application.WebApplicationImpl _initiate
INFO: Initiating Jersey application, version 'Jersey: 1.18.1 02/19/2014 03:28 AM'
Apr 08, 2015 4:41:06 PM com.sun.jersey.server.impl.application.WebApplicationImpl _initiate
INFO: Initiating Jersey application, version 'Jersey: 1.18.1 02/19/2014 03:28 AM'
Apr 08, 2015 10:53:57 PM com.sun.jersey.server.impl.application.WebApplicationImpl _initiate
INFO: Initiating Jersey application, version 'Jersey: 1.18.1 02/19/2014 03:28 AM'
Apr 08, 2015 10:53:58 PM com.sun.jersey.server.impl.application.WebApplicationImpl _initiate
INFO: Initiating Jersey application, version 'Jersey: 1.18.1 02/19/2014 03:28 AM'
Apr 08, 2015 10:53:58 PM com.sun.jersey.server.impl.application.WebApplicationImpl _initiate
INFO: Initiating Jersey application, version 'Jersey: 1.18.1 02/19/2014 03:28 AM'
Apr 08, 2015 11:08:56 PM com.sun.jersey.server.impl.application.WebApplicationImpl _initiate
INFO: Initiating Jersey application, version 'Jersey: 1.18.1 02/19/2014 03:28 AM'
Apr 08, 2015 11:08:57 PM com.sun.jersey.server.impl.application.WebApplicationImpl _initiate
INFO: Initiating Jersey application, version 'Jersey: 1.18.1 02/19/2014 03:28 AM'
Apr 08, 2015 11:08:58 PM com.sun.jersey.server.impl.application.WebApplicationImpl _initiate
INFO: Initiating Jersey application, version 'Jersey: 1.18.1 02/19/2014 03:28 AM'
Apr 08, 2015 11:11:39 PM com.sun.jersey.server.impl.application.WebApplicationImpl _initiate
INFO: Initiating Jersey application, version 'Jersey: 1.18.1 02/19/2014 03:28 AM'
Apr 08, 2015 11:11:40 PM com.sun.jersey.server.impl.application.WebApplicationImpl _initiate
INFO: Initiating Jersey application, version 'Jersey: 1.18.1 02/19/2014 03:28 AM'
Apr 08, 2015 11:11:40 PM com.sun.jersey.server.impl.application.WebApplicationImpl _initiate
INFO: Initiating Jersey application, version 'Jersey: 1.18.1 02/19/2014 03:28 AM'
Apr 09, 2015 12:07:19 PM com.sun.jersey.server.impl.application.WebApplicationImpl _initiate
INFO: Initiating Jersey application, version 'Jersey: 1.18.1 02/19/2014 03:28 AM'
Apr 09, 2015 12:07:21 PM com.sun.jersey.server.impl.application.WebApplicationImpl _initiate
INFO: Initiating Jersey application, version 'Jersey: 1.18.1 02/19/2014 03:28 AM'
Apr 09, 2015 12:07:21 PM com.sun.jersey.server.impl.application.WebApplicationImpl _initiate
INFO: Initiating Jersey application, version 'Jersey: 1.18.1 02/19/2014 03:28 AM'
Apr 09, 2015 3:46:41 PM com.sun.jersey.server.impl.application.WebApplicationImpl _initiate
INFO: Initiating Jersey application, version 'Jersey: 1.18.1 02/19/2014 03:28 AM'
Apr 09, 2015 3:46:43 PM com.sun.jersey.server.impl.application.WebApplicationImpl _initiate
INFO: Initiating Jersey application, version 'Jersey: 1.18.1 02/19/2014 03:28 AM'
Apr 09, 2015 3:46:43 PM com.sun.jersey.server.impl.application.WebApplicationImpl _initiate
INFO: Initiating Jersey application, version 'Jersey: 1.18.1 02/19/2014 03:28 AM'
Apr 09, 2015 4:01:51 PM com.sun.jersey.server.impl.application.WebApplicationImpl _initiate
INFO: Initiating Jersey application, version 'Jersey: 1.18.1 02/19/2014 03:28 AM'
Apr 09, 2015 4:01:52 PM com.sun.jersey.server.impl.application.WebApplicationImpl _initiate
INFO: Initiating Jersey application, version 'Jersey: 1.18.1 02/19/2014 03:28 AM'
Apr 09, 2015 4:01:52 PM com.sun.jersey.server.impl.application.WebApplicationImpl _initiate
INFO: Initiating Jersey application, version 'Jersey: 1.18.1 02/19/2014 03:28 AM'
Apr 09, 2015 4:09:54 PM com.sun.jersey.server.impl.application.WebApplicationImpl _initiate
INFO: Initiating Jersey application, version 'Jersey: 1.18.1 02/19/2014 03:28 AM'
Apr 09, 2015 4:09:54 PM com.sun.jersey.server.impl.application.WebApplicationImpl _initiate
INFO: Initiating Jersey application, version 'Jersey: 1.18.1 02/19/2014 03:28 AM'
Apr 09, 2015 4:09:55 PM com.sun.jersey.server.impl.application.WebApplicationImpl _initiate
INFO: Initiating Jersey application, version 'Jersey: 1.18.1 02/19/2014 03:28 AM'
Apr 09, 2015 5:47:00 PM com.sun.jersey.server.impl.application.WebApplicationImpl _initiate
INFO: Initiating Jersey application, version 'Jersey: 1.18.1 02/19/2014 03:28 AM'
Apr 09, 2015 5:47:01 PM com.sun.jersey.server.impl.application.WebApplicationImpl _initiate
INFO: Initiating Jersey application, version 'Jersey: 1.18.1 02/19/2014 03:28 AM'
Apr 09, 2015 5:47:01 PM com.sun.jersey.server.impl.application.WebApplicationImpl _initiate
INFO: Initiating Jersey application, version 'Jersey: 1.18.1 02/19/2014 03:28 AM'
Apr 09, 2015 5:58:46 PM com.sun.jersey.server.impl.application.WebApplicationImpl _initiate
INFO: Initiating Jersey application, version 'Jersey: 1.18.1 02/19/2014 03:28 AM'
Apr 09, 2015 5:58:47 PM com.sun.jersey.server.impl.application.WebApplicationImpl _initiate
INFO: Initiating Jersey application, version 'Jersey: 1.18.1 02/19/2014 03:28 AM'
Apr 09, 2015 5:58:47 PM com.sun.jersey.server.impl.application.WebApplicationImpl _initiate
INFO: Initiating Jersey application, version 'Jersey: 1.18.1 02/19/2014 03:28 AM'
Apr 09, 2015 6:03:40 PM com.sun.jersey.server.impl.application.WebApplicationImpl _initiate
INFO: Initiating Jersey application, version 'Jersey: 1.18.1 02/19/2014 03:28 AM'
Apr 09, 2015 6:03:41 PM com.sun.jersey.server.impl.application.WebApplicationImpl _initiate
INFO: Initiating Jersey application, version 'Jersey: 1.18.1 02/19/2014 03:28 AM'
Apr 09, 2015 6:03:41 PM com.sun.jersey.server.impl.application.WebApplicationImpl _initiate
INFO: Initiating Jersey application, version 'Jersey: 1.18.1 02/19/2014 03:28 AM'
Apr 09, 2015 9:04:56 PM com.sun.jersey.server.impl.application.WebApplicationImpl _initiate
INFO: Initiating Jersey application, version 'Jersey: 1.18.1 02/19/2014 03:28 AM'
Apr 09, 2015 9:04:57 PM com.sun.jersey.server.impl.application.WebApplicationImpl _initiate
INFO: Initiating Jersey application, version 'Jersey: 1.18.1 02/19/2014 03:28 AM'
Apr 09, 2015 9:04:58 PM com.sun.jersey.server.impl.application.WebApplicationImpl _initiate
INFO: Initiating Jersey application, version 'Jersey: 1.18.1 02/19/2014 03:28 AM'
Apr 10, 2015 1:46:21 AM com.sun.jersey.server.impl.application.WebApplicationImpl _initiate
INFO: Initiating Jersey application, version 'Jersey: 1.18.1 02/19/2014 03:28 AM'
Apr 10, 2015 1:46:22 AM com.sun.jersey.server.impl.application.WebApplicationImpl _initiate
INFO: Initiating Jersey application, version 'Jersey: 1.18.1 02/19/2014 03:28 AM'
Apr 10, 2015 1:46:22 AM com.sun.jersey.server.impl.application.WebApplicationImpl _initiate
INFO: Initiating Jersey application, version 'Jersey: 1.18.1 02/19/2014 03:28 AM'
Apr 11, 2015 1:42:15 PM com.sun.jersey.server.impl.application.WebApplicationImpl _initiate
INFO: Initiating Jersey application, version 'Jersey: 1.18.1 02/19/2014 03:28 AM'
Apr 11, 2015 1:42:15 PM com.sun.jersey.server.impl.application.WebApplicationImpl _initiate
INFO: Initiating Jersey application, version 'Jersey: 1.18.1 02/19/2014 03:28 AM'
Apr 11, 2015 1:42:16 PM com.sun.jersey.server.impl.application.WebApplicationImpl _initiate
INFO: Initiating Jersey application, version 'Jersey: 1.18.1 02/19/2014 03:28 AM'
Apr 11, 2015 4:13:28 PM com.sun.jersey.server.impl.application.WebApplicationImpl _initiate
INFO: Initiating Jersey application, version 'Jersey: 1.18.1 02/19/2014 03:28 AM'
Apr 11, 2015 4:13:28 PM com.sun.jersey.server.impl.application.WebApplicationImpl _initiate
INFO: Initiating Jersey application, version 'Jersey: 1.18.1 02/19/2014 03:28 AM'
Apr 11, 2015 4:13:29 PM com.sun.jersey.server.impl.application.WebApplicationImpl _initiate
INFO: Initiating Jersey application, version 'Jersey: 1.18.1 02/19/2014 03:28 AM'
Apr 14, 2015 3:17:14 PM com.sun.jersey.server.impl.application.WebApplicationImpl _initiate
INFO: Initiating Jersey application, version 'Jersey: 1.18.1 02/19/2014 03:28 AM'
Apr 14, 2015 3:17:15 PM com.sun.jersey.server.impl.application.WebApplicationImpl _initiate
INFO: Initiating Jersey application, version 'Jersey: 1.18.1 02/19/2014 03:28 AM'
Apr 14, 2015 3:17:15 PM com.sun.jersey.server.impl.application.WebApplicationImpl _initiate
INFO: Initiating Jersey application, version 'Jersey: 1.18.1 02/19/2014 03:28 AM'
Apr 14, 2015 3:38:59 PM com.sun.jersey.server.impl.application.WebApplicationImpl _initiate
INFO: Initiating Jersey application, version 'Jersey: 1.18.1 02/19/2014 03:28 AM'
Apr 14, 2015 3:38:59 PM com.sun.jersey.server.impl.application.WebApplicationImpl _initiate
INFO: Initiating Jersey application, version 'Jersey: 1.18.1 02/19/2014 03:28 AM'
Apr 14, 2015 3:39:00 PM com.sun.jersey.server.impl.application.WebApplicationImpl _initiate
INFO: Initiating Jersey application, version 'Jersey: 1.18.1 02/19/2014 03:28 AM'
Apr 14, 2015 6:46:15 PM com.sun.jersey.server.impl.application.WebApplicationImpl _initiate
INFO: Initiating Jersey application, version 'Jersey: 1.18.1 02/19/2014 03:28 AM'
Apr 14, 2015 6:46:17 PM com.sun.jersey.server.impl.application.WebApplicationImpl _initiate
INFO: Initiating Jersey application, version 'Jersey: 1.18.1 02/19/2014 03:28 AM'
Apr 14, 2015 6:46:18 PM com.sun.jersey.server.impl.application.WebApplicationImpl _initiate
INFO: Initiating Jersey application, version 'Jersey: 1.18.1 02/19/2014 03:28 AM'
Apr 14, 2015 6:55:40 PM com.sun.jersey.server.impl.application.WebApplicationImpl _initiate
INFO: Initiating Jersey application, version 'Jersey: 1.18.1 02/19/2014 03:28 AM'
Apr 14, 2015 6:55:41 PM com.sun.jersey.server.impl.application.WebApplicationImpl _initiate
INFO: Initiating Jersey application, version 'Jersey: 1.18.1 02/19/2014 03:28 AM'
Apr 14, 2015 6:55:41 PM com.sun.jersey.server.impl.application.WebApplicationImpl _initiate
INFO: Initiating Jersey application, version 'Jersey: 1.18.1 02/19/2014 03:28 AM'
Apr 14, 2015 9:59:07 PM com.sun.jersey.server.impl.application.WebApplicationImpl _initiate
INFO: Initiating Jersey application, version 'Jersey: 1.18.1 02/19/2014 03:28 AM'
Apr 14, 2015 9:59:07 PM com.sun.jersey.server.impl.application.WebApplicationImpl _initiate
INFO: Initiating Jersey application, version 'Jersey: 1.18.1 02/19/2014 03:28 AM'
Apr 14, 2015 9:59:08 PM com.sun.jersey.server.impl.application.WebApplicationImpl _initiate
INFO: Initiating Jersey application, version 'Jersey: 1.18.1 02/19/2014 03:28 AM'
Apr 15, 2015 3:24:15 PM com.sun.jersey.server.impl.application.WebApplicationImpl _initiate
INFO: Initiating Jersey application, version 'Jersey: 1.18.1 02/19/2014 03:28 AM'
Apr 15, 2015 3:24:16 PM com.sun.jersey.server.impl.application.WebApplicationImpl _initiate
INFO: Initiating Jersey application, version 'Jersey: 1.18.1 02/19/2014 03:28 AM'
Apr 15, 2015 3:24:17 PM com.sun.jersey.server.impl.application.WebApplicationImpl _initiate
INFO: Initiating Jersey application, version 'Jersey: 1.18.1 02/19/2014 03:28 AM'
Apr 15, 2015 4:06:28 PM com.sun.jersey.server.impl.application.WebApplicationImpl _initiate
INFO: Initiating Jersey application, version 'Jersey: 1.18.1 02/19/2014 03:28 AM'
Apr 15, 2015 4:06:29 PM com.sun.jersey.server.impl.application.WebApplicationImpl _initiate
INFO: Initiating Jersey application, version 'Jersey: 1.18.1 02/19/2014 03:28 AM'
Apr 15, 2015 4:06:30 PM com.sun.jersey.server.impl.application.WebApplicationImpl _initiate
INFO: Initiating Jersey application, version 'Jersey: 1.18.1 02/19/2014 03:28 AM'
Apr 15, 2015 7:18:01 PM com.sun.jersey.server.impl.application.WebApplicationImpl _initiate
INFO: Initiating Jersey application, version 'Jersey: 1.18.1 02/19/2014 03:28 AM'
Apr 15, 2015 7:18:03 PM com.sun.jersey.server.impl.application.WebApplicationImpl _initiate
INFO: Initiating Jersey application, version 'Jersey: 1.18.1 02/19/2014 03:28 AM'
Apr 15, 2015 7:18:03 PM com.sun.jersey.server.impl.application.WebApplicationImpl _initiate
INFO: Initiating Jersey application, version 'Jersey: 1.18.1 02/19/2014 03:28 AM'
May 16, 2015 11:46:18 PM com.sun.jersey.server.impl.application.WebApplicationImpl _initiate
INFO: Initiating Jersey application, version 'Jersey: 1.18.1 02/19/2014 03:28 AM'
May 16, 2015 11:46:19 PM com.sun.jersey.server.impl.application.WebApplicationImpl _initiate
INFO: Initiating Jersey application, version 'Jersey: 1.18.1 02/19/2014 03:28 AM'
May 16, 2015 11:46:20 PM com.sun.jersey.server.impl.application.WebApplicationImpl _initiate
INFO: Initiating Jersey application, version 'Jersey: 1.18.1 02/19/2014 03:28 AM'
May 19, 2015 1:37:01 PM com.sun.jersey.server.impl.application.WebApplicationImpl _initiate
INFO: Initiating Jersey application, version 'Jersey: 1.18.1 02/19/2014 03:28 AM'
May 19, 2015 1:37:03 PM com.sun.jersey.server.impl.application.WebApplicationImpl _initiate
INFO: Initiating Jersey application, version 'Jersey: 1.18.1 02/19/2014 03:28 AM'
May 19, 2015 1:37:04 PM com.sun.jersey.server.impl.application.WebApplicationImpl _initiate
INFO: Initiating Jersey application, version 'Jersey: 1.18.1 02/19/2014 03:28 AM'
May 19, 2015 2:51:08 PM com.sun.jersey.server.impl.application.WebApplicationImpl _initiate
INFO: Initiating Jersey application, version 'Jersey: 1.18.1 02/19/2014 03:28 AM'
May 19, 2015 2:51:09 PM com.sun.jersey.server.impl.application.WebApplicationImpl _initiate
INFO: Initiating Jersey application, version 'Jersey: 1.18.1 02/19/2014 03:28 AM'
May 19, 2015 2:51:10 PM com.sun.jersey.server.impl.application.WebApplicationImpl _initiate
INFO: Initiating Jersey application, version 'Jersey: 1.18.1 02/19/2014 03:28 AM'
May 20, 2015 12:55:39 PM com.sun.jersey.server.impl.application.WebApplicationImpl _initiate
INFO: Initiating Jersey application, version 'Jersey: 1.18.1 02/19/2014 03:28 AM'
May 20, 2015 12:55:40 PM com.sun.jersey.server.impl.application.WebApplicationImpl _initiate
INFO: Initiating Jersey application, version 'Jersey: 1.18.1 02/19/2014 03:28 AM'
May 20, 2015 12:55:41 PM com.sun.jersey.server.impl.application.WebApplicationImpl _initiate
INFO: Initiating Jersey application, version 'Jersey: 1.18.1 02/19/2014 03:28 AM'
Jun 07, 2015 11:47:53 PM com.sun.jersey.server.impl.application.WebApplicationImpl _initiate
INFO: Initiating Jersey application, version 'Jersey: 1.18.1 02/19/2014 03:28 AM'
Jun 07, 2015 11:47:53 PM com.sun.jersey.server.impl.application.WebApplicationImpl _initiate
INFO: Initiating Jersey application, version 'Jersey: 1.18.1 02/19/2014 03:28 AM'
Jun 07, 2015 11:47:54 PM com.sun.jersey.server.impl.application.WebApplicationImpl _initiate
INFO: Initiating Jersey application, version 'Jersey: 1.18.1 02/19/2014 03:28 AM'
